#! /usr/bin/vvp
:ivl_version "10.1 (stable)" "(v10_1)";
:ivl_delay_selection "TYPICAL";
:vpi_time_precision + 0;
:vpi_module "system";
:vpi_module "vhdl_sys";
:vpi_module "v2005_math";
:vpi_module "va_math";
S_0x3a133c0230 .scope module, "memory_interface_v3" "memory_interface_v3" 2 3;
 .timescale 0 0;
    .port_info 0 /INPUT 13 "address"
    .port_info 1 /INPUT 32 "data_in"
    .port_info 2 /INPUT 1 "load"
    .port_info 3 /INPUT 1 "store"
    .port_info 4 /INPUT 1 "clk"
    .port_info 5 /INPUT 1 "reset"
    .port_info 6 /INPUT 1 "is_signed"
    .port_info 7 /INPUT 2 "word_type"
    .port_info 8 /INPUT 16 "from_mem_data"
    .port_info 9 /OUTPUT 1 "to_mem_read_enable"
    .port_info 10 /OUTPUT 1 "to_mem_write_enable"
    .port_info 11 /OUTPUT 1 "to_mem_mem_enable"
    .port_info 12 /OUTPUT 12 "to_mem_address"
    .port_info 13 /OUTPUT 16 "to_mem_data"
    .port_info 14 /OUTPUT 32 "data_out"
    .port_info 15 /OUTPUT 1 "write_ready"
    .port_info 16 /OUTPUT 1 "output_valid"
    .port_info 17 /OUTPUT 1 "busy"
P_0x3a13406f40 .param/l "ADDED_ADDRESS" 1 2 70, C4<0>;
P_0x3a13406f80 .param/l "BUFFER" 1 2 53, C4<1>;
P_0x3a13406fc0 .param/l "BYTE" 1 2 58, C4<00>;
P_0x3a13407000 .param/l "DELAYED_ADDRESS" 1 2 69, C4<1>;
P_0x3a13407040 .param/l "DELAYED_L8" 1 2 263, C4<100>;
P_0x3a13407080 .param/l "DELAYED_ML8" 1 2 262, C4<111>;
P_0x3a134070c0 .param/l "DELAYED_MT8" 1 2 261, C4<110>;
P_0x3a13407100 .param/l "DELAYED_T8" 1 2 260, C4<101>;
P_0x3a13407140 .param/l "DIRECT_ADDRESS" 1 2 65, C4<1>;
P_0x3a13407180 .param/l "DIRECT_L8" 1 2 259, C4<000>;
P_0x3a134071c0 .param/l "DIRECT_ML8" 1 2 258, C4<011>;
P_0x3a13407200 .param/l "DIRECT_MT8" 1 2 257, C4<010>;
P_0x3a13407240 .param/l "DIRECT_T8" 1 2 256, C4<001>;
P_0x3a13407280 .param/l "FEEDBACK_LOW8" 1 2 233, C4<1>;
P_0x3a134072c0 .param/l "FEEDBACK_TOP8" 1 2 234, C4<0>;
P_0x3a13407300 .param/l "FEEDBACK_TO_MEM" 1 2 244, C4<1>;
P_0x3a13407340 .param/l "HALFWORD" 1 2 57, C4<01>;
P_0x3a13407380 .param/l "INPUT_TO_MEM" 1 2 245, C4<0>;
P_0x3a134073c0 .param/l "L8_DELAYED1_T8" 1 2 116, C4<10>;
P_0x3a13407400 .param/l "L8_DELAYED2_T8" 1 2 117, C4<11>;
P_0x3a13407440 .param/l "L8_DIRECT_L8" 1 2 114, C4<00>;
P_0x3a13407480 .param/l "L8_DIRECT_T8" 1 2 115, C4<01>;
P_0x3a134074c0 .param/l "ML8_DELAYED1_L8" 1 2 146, C4<011>;
P_0x3a13407500 .param/l "ML8_DIRECT_L8" 1 2 143, C4<000>;
P_0x3a13407540 .param/l "ML8_DIRECT_T8" 1 2 144, C4<001>;
P_0x3a13407580 .param/l "ML8_SIGN_BYTE" 1 2 147, C4<010>;
P_0x3a134075c0 .param/l "ML8_ZERO" 1 2 145, C4<100>;
P_0x3a13407600 .param/l "MODIFIED_ADDRESS" 1 2 66, C4<0>;
P_0x3a13407640 .param/l "MT8_DELAYED1_L8" 1 2 178, C4<010>;
P_0x3a13407680 .param/l "MT8_DELAYED1_T8" 1 2 179, C4<011>;
P_0x3a134076c0 .param/l "MT8_SIGN_BYTE" 1 2 176, C4<000>;
P_0x3a13407700 .param/l "MT8_SIGN_HW" 1 2 177, C4<001>;
P_0x3a13407740 .param/l "MT8_ZERO" 1 2 175, C4<100>;
P_0x3a13407780 .param/l "SEL_ONE" 1 2 76, C4<1>;
P_0x3a134077c0 .param/l "SEL_TWO" 1 2 77, C4<0>;
P_0x3a13407800 .param/l "T8_DELAYED1_T8" 1 2 203, C4<011>;
P_0x3a13407840 .param/l "T8_DIRECT_L8" 1 2 202, C4<010>;
P_0x3a13407880 .param/l "T8_SIGN_BYTE" 1 2 200, C4<000>;
P_0x3a134078c0 .param/l "T8_SIGN_HW" 1 2 201, C4<001>;
P_0x3a13407900 .param/l "T8_ZERO" 1 2 199, C4<100>;
P_0x3a13407940 .param/l "UPDATE" 1 2 54, C4<0>;
P_0x3a13407980 .param/l "WORD" 1 2 56, C4<10>;
v0x3a1334cfe0_0 .net *"_s1", 11 0, L_0x3a134061a0;  1 drivers
v0x3a134273d0_0 .net *"_s19", 0 0, L_0x3a1343d920;  1 drivers
L_0x7f170459a0a8 .functor BUFT 1, C4<11111111>, C4<0>, C4<0>, C4<0>;
v0x3a13427470_0 .net/2u *"_s20", 7 0, L_0x7f170459a0a8;  1 drivers
L_0x7f170459a0f0 .functor BUFT 1, C4<00000000>, C4<0>, C4<0>, C4<0>;
v0x3a13427510_0 .net/2u *"_s22", 7 0, L_0x7f170459a0f0;  1 drivers
v0x3a134275f0_0 .net *"_s27", 0 0, L_0x3a1343dc00;  1 drivers
L_0x7f170459a138 .functor BUFT 1, C4<11111111>, C4<0>, C4<0>, C4<0>;
v0x3a134276d0_0 .net/2u *"_s28", 7 0, L_0x7f170459a138;  1 drivers
L_0x7f170459a180 .functor BUFT 1, C4<00000000>, C4<0>, C4<0>, C4<0>;
v0x3a134277b0_0 .net/2u *"_s30", 7 0, L_0x7f170459a180;  1 drivers
v0x3a13427890_0 .net *"_s35", 0 0, L_0x3a1343dee0;  1 drivers
L_0x7f170459a1c8 .functor BUFT 1, C4<11111111>, C4<0>, C4<0>, C4<0>;
v0x3a13427970_0 .net/2u *"_s36", 7 0, L_0x7f170459a1c8;  1 drivers
L_0x7f170459a210 .functor BUFT 1, C4<00000000>, C4<0>, C4<0>, C4<0>;
v0x3a13427ae0_0 .net/2u *"_s38", 7 0, L_0x7f170459a210;  1 drivers
v0x3a13427bc0_0 .net *"_s43", 0 0, L_0x3a1343e110;  1 drivers
L_0x7f170459a258 .functor BUFT 1, C4<11111111>, C4<0>, C4<0>, C4<0>;
v0x3a13427ca0_0 .net/2u *"_s44", 7 0, L_0x7f170459a258;  1 drivers
L_0x7f170459a2a0 .functor BUFT 1, C4<00000000>, C4<0>, C4<0>, C4<0>;
v0x3a13427d80_0 .net/2u *"_s46", 7 0, L_0x7f170459a2a0;  1 drivers
v0x3a13427e60_0 .net *"_s51", 0 0, L_0x3a1343e470;  1 drivers
L_0x7f170459a2e8 .functor BUFT 1, C4<11111111>, C4<0>, C4<0>, C4<0>;
v0x3a13427f40_0 .net/2u *"_s52", 7 0, L_0x7f170459a2e8;  1 drivers
L_0x7f170459a330 .functor BUFT 1, C4<00000000>, C4<0>, C4<0>, C4<0>;
v0x3a13428020_0 .net/2u *"_s54", 7 0, L_0x7f170459a330;  1 drivers
L_0x7f170459a018 .functor BUFT 1, C4<000000000001>, C4<0>, C4<0>, C4<0>;
v0x3a13428100_0 .net/2u *"_s6", 11 0, L_0x7f170459a018;  1 drivers
v0x3a134282b0_0 .net *"_s61", 15 0, L_0x3a1343e760;  1 drivers
v0x3a13428350_0 .net *"_s63", 15 0, L_0x3a1343e8a0;  1 drivers
v0x3a13428430_0 .net *"_s64", 15 0, L_0x3a1343e940;  1 drivers
v0x3a13428510_0 .net *"_s70", 15 0, L_0x3a1343eb80;  1 drivers
v0x3a134285f0_0 .net *"_s72", 15 0, L_0x3a1343e9e0;  1 drivers
v0x3a134286d0_0 .net *"_s73", 15 0, L_0x3a1343edf0;  1 drivers
L_0x7f170459a060 .functor BUFT 1, C4<000000000010>, C4<0>, C4<0>, C4<0>;
v0x3a134287b0_0 .net/2u *"_s8", 11 0, L_0x7f170459a060;  1 drivers
v0x3a13428890_0 .net "added_address", 11 0, L_0x3a1343d5a0;  1 drivers
v0x3a13428970_0 .var "added_address_buffer_reg", 11 0;
v0x3a13428a50_0 .net "added_address_buffer_sel", 0 0, v0x3a13403210_0;  1 drivers
v0x3a13428af0_0 .net "adder_summand_sel", 0 0, v0x3a13424750_0;  1 drivers
o0x7f17045e45d8 .functor BUFZ 13, C4<zzzzzzzzzzzzz>; HiZ drive
v0x3a13428bc0_0 .net "address", 12 0, o0x7f17045e45d8;  0 drivers
o0x7f17045e4608 .functor BUFZ 1, C4<z>; HiZ drive
v0x3a13428c60_0 .net "bit0", 0 0, o0x7f17045e4608;  0 drivers
v0x3a13428d20_0 .var "bit0_delayed1", 0 0;
v0x3a13428df0_0 .var "bit0_delayed2", 0 0;
v0x3a13428ec0_0 .var "bit0_delayed3", 0 0;
v0x3a134281a0_0 .net "busy", 0 0, v0x3a13424ab0_0;  1 drivers
o0x7f17045e3138 .functor BUFZ 1, C4<z>; HiZ drive
v0x3a13429170_0 .net "clk", 0 0, o0x7f17045e3138;  0 drivers
o0x7f17045e4668 .functor BUFZ 32, C4<zzzzzzzzzzzzzzzzzzzzzzzzzzzzzzzz>; HiZ drive
v0x3a13429210_0 .net "data_in", 31 0, o0x7f17045e4668;  0 drivers
v0x3a134292b0_0 .net "data_out", 31 0, L_0x3a1343ea90;  1 drivers
v0x3a13429370_0 .var "data_out_pre", 31 0;
v0x3a13429450_0 .net "data_out_pre_L8_sel", 1 0, v0x3a13424c30_0;  1 drivers
v0x3a13429540_0 .net "data_out_pre_ML8_sel", 2 0, v0x3a13424d10_0;  1 drivers
v0x3a13429610_0 .net "data_out_pre_MT8_sel", 2 0, v0x3a13424e80_0;  1 drivers
v0x3a134296e0_0 .net "data_out_pre_T8_sel", 2 0, v0x3a13424f60_0;  1 drivers
v0x3a134297b0_0 .var "delayed_address_buffer_reg", 11 0;
v0x3a13429870_0 .net "delayed_address_buffer_sel", 0 0, v0x3a13425040_0;  1 drivers
v0x3a13429940_0 .net "delayed_or_added_address_sel", 0 0, v0x3a13425100_0;  1 drivers
v0x3a13429a10_0 .net "direct_or_modified_address_sel", 0 0, v0x3a134251c0_0;  1 drivers
v0x3a13429ae0_0 .var "from_cpu_low8_input", 7 0;
v0x3a13429b80_0 .net "from_cpu_low8_input_sel", 2 0, v0x3a13425280_0;  1 drivers
v0x3a13429c50_0 .var "from_cpu_top8_input", 7 0;
v0x3a13429d10_0 .net "from_cpu_top8_input_sel", 2 0, v0x3a13425360_0;  1 drivers
o0x7f17045e4788 .functor BUFZ 16, C4<zzzzzzzzzzzzzzzz>; HiZ drive
v0x3a13429e00_0 .net "from_mem_data", 15 0, o0x7f17045e4788;  0 drivers
v0x3a13429ec0_0 .net "from_mem_data_low8", 7 0, L_0x3a1343d750;  1 drivers
v0x3a13429fa0_0 .net "from_mem_data_top8", 7 0, L_0x3a1343d830;  1 drivers
v0x3a1342a080_0 .net "from_mem_feedback", 7 0, L_0x3a1343ef60;  1 drivers
v0x3a1342a160_0 .net "from_mem_feedback_sel", 0 0, v0x3a13425440_0;  1 drivers
v0x3a1342a230_0 .net "fsm_mem_en", 0 0, v0x3a134255f0_0;  1 drivers
v0x3a1342a300_0 .net "fsm_rd", 0 0, v0x3a13425690_0;  1 drivers
v0x3a1342a3d0_0 .net "fsm_rd_en", 0 0, v0x3a13425730_0;  1 drivers
v0x3a1342a4a0_0 .net "fsm_wr", 0 0, v0x3a134257d0_0;  1 drivers
v0x3a1342a540_0 .net "fsm_wr_en", 0 0, v0x3a13425890_0;  1 drivers
o0x7f17045e3438 .functor BUFZ 1, C4<z>; HiZ drive
v0x3a1342a610_0 .net "is_signed", 0 0, o0x7f17045e3438;  0 drivers
v0x3a1342a6e0_0 .var "is_signed_buffer", 0 0;
v0x3a1342a7b0_0 .net "is_signed_buffer_sel", 0 0, v0x3a13425a10_0;  1 drivers
v0x3a1342a880_0 .var "l8_l8_buffer", 7 0;
v0x3a1342a920_0 .net "l8_l8_buffer_sel", 0 0, v0x3a13425b90_0;  1 drivers
v0x3a13428f60_0 .var "l8_ml8_buffer", 7 0;
v0x3a13429000_0 .net "l8_ml8_buffer_sel", 0 0, v0x3a13425c50_0;  1 drivers
v0x3a134290d0_0 .var "l8_mt8_buffer", 7 0;
v0x3a1342add0_0 .net "l8_mt8_buffer_sel", 0 0, v0x3a13425d10_0;  1 drivers
v0x3a1342ae70_0 .var "l8_t8_buffer", 7 0;
v0x3a1342af10_0 .net "l8_t8_buffer_sel", 0 0, v0x3a13425dd0_0;  1 drivers
o0x7f17045e3588 .functor BUFZ 1, C4<z>; HiZ drive
v0x3a1342afb0_0 .net "load", 0 0, o0x7f17045e3588;  0 drivers
v0x3a1342b080_0 .var "low8_buffer1cycle", 7 0;
v0x3a1342b120_0 .net "modified_address", 11 0, L_0x3a1342d230;  1 drivers
v0x3a1342b1e0_0 .net "output_shuffle_sel", 0 0, v0x3a13426030_0;  1 drivers
v0x3a1342b2b0_0 .net "output_valid", 0 0, v0x3a134260f0_0;  1 drivers
v0x3a1342b380_0 .var "r", 0 0;
o0x7f17045e3648 .functor BUFZ 1, C4<z>; HiZ drive
v0x3a1342b420_0 .net "reset", 0 0, o0x7f17045e3648;  0 drivers
v0x3a1342b4f0_0 .net "sign_byte_ml8_extension", 7 0, L_0x3a1343da40;  1 drivers
v0x3a1342b590_0 .net "sign_byte_mt8_extension", 7 0, L_0x3a1343dd50;  1 drivers
v0x3a1342b670_0 .net "sign_byte_t8_extension", 7 0, L_0x3a1343e350;  1 drivers
v0x3a1342b750_0 .net "sign_hw_mt8_extension", 7 0, L_0x3a1343df80;  1 drivers
v0x3a1342b830_0 .net "sign_hw_t8_extension", 7 0, L_0x3a1343e5a0;  1 drivers
o0x7f17045e36a8 .functor BUFZ 1, C4<z>; HiZ drive
v0x3a1342b910_0 .net "store", 0 0, o0x7f17045e36a8;  0 drivers
v0x3a1342b9e0_0 .net "summand", 11 0, L_0x3a1343d3b0;  1 drivers
v0x3a1342baa0_0 .var "t8_l8_buffer", 7 0;
v0x3a1342bb80_0 .net "t8_l8_buffer_sel", 0 0, v0x3a13426520_0;  1 drivers
v0x3a1342bc50_0 .var "t8_ml8_buffer", 7 0;
v0x3a1342bd10_0 .net "t8_ml8_buffer_sel", 0 0, v0x3a134265e0_0;  1 drivers
v0x3a1342bde0_0 .var "t8_mt8_buffer", 7 0;
v0x3a1342bea0_0 .net "t8_mt8_buffer_sel", 0 0, v0x3a134266a0_0;  1 drivers
v0x3a1342bf70_0 .var "t8_t8_buffer", 7 0;
v0x3a1342c030_0 .net "t8_t8_buffer_sel", 0 0, v0x3a13426760_0;  1 drivers
v0x3a1342c100_0 .net "to_mem_address", 11 0, L_0x3a1342d0c0;  1 drivers
o0x7f17045e4ba8 .functor BUFZ 16, C4<zzzzzzzzzzzzzzzz>; HiZ drive
v0x3a1342c1c0_0 .net "to_mem_data", 15 0, o0x7f17045e4ba8;  0 drivers
v0x3a1342c2a0_0 .net "to_mem_data_in_low8_feedback_sel", 0 0, v0x3a13426820_0;  1 drivers
v0x3a1342c370_0 .net "to_mem_data_in_top8_feedback_sel", 0 0, v0x3a134268e0_0;  1 drivers
o0x7f17045e4bd8 .functor BUFZ 1, C4<z>; HiZ drive
v0x3a1342c440_0 .net "to_mem_mem_enable", 0 0, o0x7f17045e4bd8;  0 drivers
v0x3a1342c4e0_0 .net "to_mem_read_enable", 0 0, L_0x3a1343f360;  1 drivers
v0x3a1342c580_0 .net "to_mem_write_enable", 0 0, L_0x3a1343f4f0;  1 drivers
v0x3a1342c640_0 .net "tomem_data_in_low8", 7 0, L_0x3a1343f0f0;  1 drivers
v0x3a1342c720_0 .net "tomem_data_in_top8", 7 0, L_0x3a1343f270;  1 drivers
v0x3a1342c800_0 .var "top8_buffer1cycle", 7 0;
v0x3a1342c8e0_0 .var "top8_buffer2cycle", 7 0;
v0x3a1342c9c0_0 .var "w", 0 0;
o0x7f17045e37f8 .functor BUFZ 2, C4<zz>; HiZ drive
v0x3a1342ca80_0 .net "word_type", 1 0, o0x7f17045e37f8;  0 drivers
v0x3a1342cb70_0 .var "word_type_buffer", 1 0;
v0x3a1342cc40_0 .net "word_type_buffer_sel", 0 0, v0x3a13426a80_0;  1 drivers
v0x3a1342cd10_0 .net "write_ready", 0 0, v0x3a13426c20_0;  1 drivers
E_0x3a133c9d40 .event posedge, v0x3a13424b70_0;
E_0x3a133c97f0 .event edge, v0x3a134269a0_0, v0x3a13425e90_0, v0x3a13428bc0_0;
E_0x3a133c92c0/0 .event edge, v0x3a13425360_0, v0x3a13429210_0, v0x3a1342bf70_0, v0x3a1342bde0_0;
E_0x3a133c92c0/1 .event edge, v0x3a1342bc50_0, v0x3a1342baa0_0;
E_0x3a133c92c0 .event/or E_0x3a133c92c0/0, E_0x3a133c92c0/1;
E_0x3a133c73c0/0 .event edge, v0x3a13425280_0, v0x3a13429210_0, v0x3a1342ae70_0, v0x3a134290d0_0;
E_0x3a133c73c0/1 .event edge, v0x3a13428f60_0, v0x3a1342a880_0;
E_0x3a133c73c0 .event/or E_0x3a133c73c0/0, E_0x3a133c73c0/1;
E_0x3a13326220/0 .event edge, v0x3a13424f60_0, v0x3a1342b830_0, v0x3a1342c800_0, v0x3a1342b080_0;
E_0x3a13326220/1 .event edge, v0x3a1342b670_0;
E_0x3a13326220 .event/or E_0x3a13326220/0, E_0x3a13326220/1;
E_0x3a13326390/0 .event edge, v0x3a13424e80_0, v0x3a1342b750_0, v0x3a1342c800_0, v0x3a1342b080_0;
E_0x3a13326390/1 .event edge, v0x3a1342b590_0;
E_0x3a13326390 .event/or E_0x3a13326390/0, E_0x3a13326390/1;
E_0x3a13345e80/0 .event edge, v0x3a13424d10_0, v0x3a1342b4f0_0, v0x3a13429fa0_0, v0x3a13429ec0_0;
E_0x3a13345e80/1 .event edge, v0x3a1342b080_0;
E_0x3a13345e80 .event/or E_0x3a13345e80/0, E_0x3a13345e80/1;
E_0x3a13346ac0/0 .event edge, v0x3a13424c30_0, v0x3a13429fa0_0, v0x3a13429ec0_0, v0x3a1342c800_0;
E_0x3a13346ac0/1 .event edge, v0x3a1342c8e0_0;
E_0x3a13346ac0 .event/or E_0x3a13346ac0/0, E_0x3a13346ac0/1;
L_0x3a134061a0 .part o0x7f17045e45d8, 1, 12;
L_0x3a1342d0c0 .functor MUXZ 12, L_0x3a1342d230, L_0x3a134061a0, v0x3a134251c0_0, C4<>;
L_0x3a1342d230 .functor MUXZ 12, L_0x3a1343d5a0, v0x3a134297b0_0, v0x3a13425100_0, C4<>;
L_0x3a1343d3b0 .functor MUXZ 12, L_0x7f170459a060, L_0x7f170459a018, v0x3a13424750_0, C4<>;
L_0x3a1343d5a0 .arith/sum 12, L_0x3a1343d3b0, v0x3a13428970_0;
L_0x3a1343d750 .part o0x7f17045e4788, 0, 8;
L_0x3a1343d830 .part o0x7f17045e4788, 8, 8;
L_0x3a1343d920 .part v0x3a13429370_0, 7, 1;
L_0x3a1343da40 .functor MUXZ 8, L_0x7f170459a0f0, L_0x7f170459a0a8, L_0x3a1343d920, C4<>;
L_0x3a1343dc00 .part v0x3a13429370_0, 7, 1;
L_0x3a1343dd50 .functor MUXZ 8, L_0x7f170459a180, L_0x7f170459a138, L_0x3a1343dc00, C4<>;
L_0x3a1343dee0 .part v0x3a13429370_0, 15, 1;
L_0x3a1343df80 .functor MUXZ 8, L_0x7f170459a210, L_0x7f170459a1c8, L_0x3a1343dee0, C4<>;
L_0x3a1343e110 .part v0x3a13429370_0, 7, 1;
L_0x3a1343e350 .functor MUXZ 8, L_0x7f170459a2a0, L_0x7f170459a258, L_0x3a1343e110, C4<>;
L_0x3a1343e470 .part v0x3a13429370_0, 15, 1;
L_0x3a1343e5a0 .functor MUXZ 8, L_0x7f170459a330, L_0x7f170459a2e8, L_0x3a1343e470, C4<>;
L_0x3a1343e760 .part v0x3a13429370_0, 0, 16;
L_0x3a1343e8a0 .part v0x3a13429370_0, 16, 16;
L_0x3a1343e940 .functor MUXZ 16, L_0x3a1343e8a0, L_0x3a1343e760, v0x3a13426030_0, C4<>;
L_0x3a1343ea90 .concat8 [ 16 16 0 0], L_0x3a1343edf0, L_0x3a1343e940;
L_0x3a1343eb80 .part v0x3a13429370_0, 16, 16;
L_0x3a1343e9e0 .part v0x3a13429370_0, 0, 16;
L_0x3a1343edf0 .functor MUXZ 16, L_0x3a1343e9e0, L_0x3a1343eb80, v0x3a13426030_0, C4<>;
L_0x3a1343ef60 .functor MUXZ 8, L_0x3a1343d830, L_0x3a1343d750, v0x3a13425440_0, C4<>;
L_0x3a1343f0f0 .functor MUXZ 8, v0x3a13429ae0_0, L_0x3a1343ef60, v0x3a13426820_0, C4<>;
L_0x3a1343f270 .functor MUXZ 8, v0x3a13429c50_0, L_0x3a1343ef60, v0x3a134268e0_0, C4<>;
L_0x3a1343f360 .functor MUXZ 1, v0x3a1342b380_0, v0x3a13425690_0, v0x3a13425730_0, C4<>;
L_0x3a1343f4f0 .functor MUXZ 1, v0x3a1342c9c0_0, v0x3a134257d0_0, v0x3a13425890_0, C4<>;
L_0x3a1343f630 .part o0x7f17045e45d8, 0, 1;
S_0x3a133c6ee0 .scope module, "fsm" "memory_control_fsm_v3" 2 394, 3 4 0, S_0x3a133c0230;
 .timescale 0 0;
    .port_info 0 /INPUT 1 "clk"
    .port_info 1 /INPUT 1 "reset"
    .port_info 2 /INPUT 1 "load"
    .port_info 3 /INPUT 1 "store"
    .port_info 4 /INPUT 2 "word_type"
    .port_info 5 /INPUT 2 "word_type_buffered"
    .port_info 6 /INPUT 1 "is_signed"
    .port_info 7 /INPUT 1 "is_signed_buffered"
    .port_info 8 /INPUT 1 "bit0"
    .port_info 9 /INPUT 1 "bit0_delayed1"
    .port_info 10 /INPUT 1 "bit0_delayed2"
    .port_info 11 /OUTPUT 1 "busy"
    .port_info 12 /OUTPUT 1 "output_valid"
    .port_info 13 /OUTPUT 1 "write_ready"
    .port_info 14 /OUTPUT 1 "fsm_rd"
    .port_info 15 /OUTPUT 1 "fsm_wr"
    .port_info 16 /OUTPUT 1 "fsm_wr_en"
    .port_info 17 /OUTPUT 1 "fsm_rd_en"
    .port_info 18 /OUTPUT 1 "fsm_mem_en"
    .port_info 19 /OUTPUT 1 "is_signed_buffer_sel"
    .port_info 20 /OUTPUT 1 "word_type_buffer_sel"
    .port_info 21 /OUTPUT 1 "from_mem_feedback_sel"
    .port_info 22 /OUTPUT 1 "to_mem_data_in_top8_feedback_sel"
    .port_info 23 /OUTPUT 1 "to_mem_data_in_low8_feedback_sel"
    .port_info 24 /OUTPUT 3 "from_cpu_low8_input_sel"
    .port_info 25 /OUTPUT 3 "from_cpu_top8_input_sel"
    .port_info 26 /OUTPUT 1 "l8_t8_buffer_sel"
    .port_info 27 /OUTPUT 1 "l8_mt8_buffer_sel"
    .port_info 28 /OUTPUT 1 "l8_ml8_buffer_sel"
    .port_info 29 /OUTPUT 1 "l8_l8_buffer_sel"
    .port_info 30 /OUTPUT 1 "t8_t8_buffer_sel"
    .port_info 31 /OUTPUT 1 "t8_mt8_buffer_sel"
    .port_info 32 /OUTPUT 1 "t8_ml8_buffer_sel"
    .port_info 33 /OUTPUT 1 "t8_l8_buffer_sel"
    .port_info 34 /OUTPUT 2 "data_out_pre_L8_sel"
    .port_info 35 /OUTPUT 3 "data_out_pre_ML8_sel"
    .port_info 36 /OUTPUT 3 "data_out_pre_MT8_sel"
    .port_info 37 /OUTPUT 3 "data_out_pre_T8_sel"
    .port_info 38 /OUTPUT 1 "output_shuffle_sel"
    .port_info 39 /OUTPUT 1 "adder_summand_sel"
    .port_info 40 /OUTPUT 1 "added_address_buffer_sel"
    .port_info 41 /OUTPUT 1 "delayed_address_buffer_sel"
    .port_info 42 /OUTPUT 1 "delayed_or_added_address_sel"
    .port_info 43 /OUTPUT 1 "direct_or_modified_address_sel"
P_0x3a134079d0 .param/l "ADDED_ADDRESS" 1 3 141, C4<0>;
P_0x3a13407a10 .param/l "BUFFER" 1 3 132, C4<1>;
P_0x3a13407a50 .param/l "BYTE" 1 3 129, C4<00>;
P_0x3a13407a90 .param/l "DC" 1 3 121, C4<0>;
P_0x3a13407ad0 .param/l "DC2" 1 3 122, C4<00>;
P_0x3a13407b10 .param/l "DC3" 1 3 123, C4<000>;
P_0x3a13407b50 .param/l "DC4" 1 3 124, C4<0000>;
P_0x3a13407b90 .param/l "DELAYED_ADDRESS" 1 3 140, C4<1>;
P_0x3a13407bd0 .param/l "DELAYED_L8" 1 3 184, C4<100>;
P_0x3a13407c10 .param/l "DELAYED_ML8" 1 3 183, C4<111>;
P_0x3a13407c50 .param/l "DELAYED_MT8" 1 3 182, C4<110>;
P_0x3a13407c90 .param/l "DELAYED_T8" 1 3 181, C4<101>;
P_0x3a13407cd0 .param/l "DIRECT_ADDRESS" 1 3 136, C4<1>;
P_0x3a13407d10 .param/l "DIRECT_L8" 1 3 180, C4<000>;
P_0x3a13407d50 .param/l "DIRECT_ML8" 1 3 179, C4<011>;
P_0x3a13407d90 .param/l "DIRECT_MT8" 1 3 178, C4<010>;
P_0x3a13407dd0 .param/l "DIRECT_T8" 1 3 177, C4<001>;
P_0x3a13407e10 .param/l "FEEDBACK_LOW8" 1 3 187, C4<1>;
P_0x3a13407e50 .param/l "FEEDBACK_TOP8" 1 3 188, C4<0>;
P_0x3a13407e90 .param/l "FEEDBACK_TO_MEM" 1 3 192, C4<1>;
P_0x3a13407ed0 .param/l "HALFWORD" 1 3 128, C4<01>;
P_0x3a13407f10 .param/l "IDLE" 1 3 197, C4<00001>;
P_0x3a13407f50 .param/l "INPUT_TO_MEM" 1 3 193, C4<0>;
P_0x3a13407f90 .param/l "L8_DELAYED1_T8" 1 3 151, C4<10>;
P_0x3a13407fd0 .param/l "L8_DELAYED2_T8" 1 3 152, C4<11>;
P_0x3a13408010 .param/l "L8_DIRECT_L8" 1 3 149, C4<00>;
P_0x3a13408050 .param/l "L8_DIRECT_T8" 1 3 150, C4<01>;
P_0x3a13408090 .param/l "LOAD_BYTE" 1 3 198, C4<00010>;
P_0x3a134080d0 .param/l "LOAD_HW_A" 1 3 199, C4<00011>;
P_0x3a13408110 .param/l "LOAD_HW_B" 1 3 200, C4<00100>;
P_0x3a13408150 .param/l "LOAD_WORD_A" 1 3 201, C4<00101>;
P_0x3a13408190 .param/l "LOAD_WORD_B" 1 3 202, C4<00110>;
P_0x3a134081d0 .param/l "LOAD_WORD_C" 1 3 203, C4<00111>;
P_0x3a13408210 .param/l "ML8_DELAYED1_L8" 1 3 158, C4<011>;
P_0x3a13408250 .param/l "ML8_DIRECT_L8" 1 3 155, C4<000>;
P_0x3a13408290 .param/l "ML8_DIRECT_T8" 1 3 156, C4<001>;
P_0x3a134082d0 .param/l "ML8_SIGN_BYTE" 1 3 159, C4<010>;
P_0x3a13408310 .param/l "ML8_ZERO" 1 3 157, C4<100>;
P_0x3a13408350 .param/l "MODIFIED_ADDRESS" 1 3 137, C4<0>;
P_0x3a13408390 .param/l "MT8_DELAYED1_L8" 1 3 165, C4<010>;
P_0x3a134083d0 .param/l "MT8_DELAYED1_T8" 1 3 166, C4<011>;
P_0x3a13408410 .param/l "MT8_SIGN_BYTE" 1 3 163, C4<000>;
P_0x3a13408450 .param/l "MT8_SIGN_HW" 1 3 164, C4<001>;
P_0x3a13408490 .param/l "MT8_ZERO" 1 3 162, C4<100>;
P_0x3a134084d0 .param/l "SEL_ONE" 1 3 144, C4<1>;
P_0x3a13408510 .param/l "SEL_TWO" 1 3 145, C4<0>;
P_0x3a13408550 .param/l "STORE_BYTE_A" 1 3 214, C4<11011>;
P_0x3a13408590 .param/l "STORE_BYTE_B" 1 3 215, C4<11100>;
P_0x3a134085d0 .param/l "STORE_HW_A" 1 3 205, C4<10001>;
P_0x3a13408610 .param/l "STORE_HW_B" 1 3 206, C4<10010>;
P_0x3a13408650 .param/l "STORE_HW_C" 1 3 207, C4<10011>;
P_0x3a13408690 .param/l "STORE_HW_D" 1 3 208, C4<10100>;
P_0x3a134086d0 .param/l "STORE_WORD_A" 1 3 209, C4<10101>;
P_0x3a13408710 .param/l "STORE_WORD_B" 1 3 210, C4<10110>;
P_0x3a13408750 .param/l "STORE_WORD_C" 1 3 211, C4<10111>;
P_0x3a13408790 .param/l "STORE_WORD_D" 1 3 212, C4<11001>;
P_0x3a134087d0 .param/l "STORE_WORD_E" 1 3 213, C4<11010>;
P_0x3a13408810 .param/l "T8_DELAYED1_T8" 1 3 173, C4<011>;
P_0x3a13408850 .param/l "T8_DIRECT_L8" 1 3 172, C4<010>;
P_0x3a13408890 .param/l "T8_SIGN_BYTE" 1 3 170, C4<000>;
P_0x3a134088d0 .param/l "T8_SIGN_HW" 1 3 171, C4<001>;
P_0x3a13408910 .param/l "T8_ZERO" 1 3 169, C4<100>;
P_0x3a13408950 .param/l "UPDATE" 1 3 133, C4<0>;
P_0x3a13408990 .param/l "WORD" 1 3 127, C4<10>;
v0x3a13403210_0 .var "added_address_buffer_sel", 0 0;
v0x3a13424750_0 .var "adder_summand_sel", 0 0;
v0x3a13424810_0 .net "bit0", 0 0, L_0x3a1343f630;  1 drivers
v0x3a134248e0_0 .net "bit0_delayed1", 0 0, v0x3a13428d20_0;  1 drivers
v0x3a134249a0_0 .net "bit0_delayed2", 0 0, v0x3a13428df0_0;  1 drivers
v0x3a13424ab0_0 .var "busy", 0 0;
v0x3a13424b70_0 .net "clk", 0 0, o0x7f17045e3138;  alias, 0 drivers
v0x3a13424c30_0 .var "data_out_pre_L8_sel", 1 0;
v0x3a13424d10_0 .var "data_out_pre_ML8_sel", 2 0;
v0x3a13424e80_0 .var "data_out_pre_MT8_sel", 2 0;
v0x3a13424f60_0 .var "data_out_pre_T8_sel", 2 0;
v0x3a13425040_0 .var "delayed_address_buffer_sel", 0 0;
v0x3a13425100_0 .var "delayed_or_added_address_sel", 0 0;
v0x3a134251c0_0 .var "direct_or_modified_address_sel", 0 0;
v0x3a13425280_0 .var "from_cpu_low8_input_sel", 2 0;
v0x3a13425360_0 .var "from_cpu_top8_input_sel", 2 0;
v0x3a13425440_0 .var "from_mem_feedback_sel", 0 0;
v0x3a134255f0_0 .var "fsm_mem_en", 0 0;
v0x3a13425690_0 .var "fsm_rd", 0 0;
v0x3a13425730_0 .var "fsm_rd_en", 0 0;
v0x3a134257d0_0 .var "fsm_wr", 0 0;
v0x3a13425890_0 .var "fsm_wr_en", 0 0;
v0x3a13425950_0 .net "is_signed", 0 0, o0x7f17045e3438;  alias, 0 drivers
v0x3a13425a10_0 .var "is_signed_buffer_sel", 0 0;
v0x3a13425ad0_0 .net "is_signed_buffered", 0 0, v0x3a1342a6e0_0;  1 drivers
v0x3a13425b90_0 .var "l8_l8_buffer_sel", 0 0;
v0x3a13425c50_0 .var "l8_ml8_buffer_sel", 0 0;
v0x3a13425d10_0 .var "l8_mt8_buffer_sel", 0 0;
v0x3a13425dd0_0 .var "l8_t8_buffer_sel", 0 0;
v0x3a13425e90_0 .net "load", 0 0, o0x7f17045e3588;  alias, 0 drivers
v0x3a13425f50_0 .var "nextstate", 4 0;
v0x3a13426030_0 .var "output_shuffle_sel", 0 0;
v0x3a134260f0_0 .var "output_valid", 0 0;
v0x3a13425500_0 .net "reset", 0 0, o0x7f17045e3648;  alias, 0 drivers
v0x3a134263a0_0 .var "state", 4 0;
v0x3a13426460_0 .net "store", 0 0, o0x7f17045e36a8;  alias, 0 drivers
v0x3a13426520_0 .var "t8_l8_buffer_sel", 0 0;
v0x3a134265e0_0 .var "t8_ml8_buffer_sel", 0 0;
v0x3a134266a0_0 .var "t8_mt8_buffer_sel", 0 0;
v0x3a13426760_0 .var "t8_t8_buffer_sel", 0 0;
v0x3a13426820_0 .var "to_mem_data_in_low8_feedback_sel", 0 0;
v0x3a134268e0_0 .var "to_mem_data_in_top8_feedback_sel", 0 0;
v0x3a134269a0_0 .net "word_type", 1 0, o0x7f17045e37f8;  alias, 0 drivers
v0x3a13426a80_0 .var "word_type_buffer_sel", 0 0;
v0x3a13426b40_0 .net "word_type_buffered", 1 0, v0x3a1342cb70_0;  1 drivers
v0x3a13426c20_0 .var "write_ready", 0 0;
E_0x3a13346c30 .event edge, v0x3a134263a0_0, v0x3a134248e0_0, v0x3a13425ad0_0, v0x3a134249a0_0;
E_0x3a13346da0/0 .event edge, v0x3a134263a0_0, v0x3a13425e90_0, v0x3a134269a0_0, v0x3a13426460_0;
E_0x3a13346da0/1 .event edge, v0x3a134248e0_0, v0x3a134249a0_0;
E_0x3a13346da0 .event/or E_0x3a13346da0/0, E_0x3a13346da0/1;
E_0x3a13323fb0 .event posedge, v0x3a13425500_0, v0x3a13424b70_0;
    .scope S_0x3a133c6ee0;
T_0 ;
    %wait E_0x3a13323fb0;
    %load/vec4 v0x3a13425500_0;
    %nor/r;
    %flag_set/vec4 8;
    %jmp/0xz  T_0.0, 8;
    %load/vec4 v0x3a13425f50_0;
    %assign/vec4 v0x3a134263a0_0, 0;
    %jmp T_0.1;
T_0.0 ;
    %pushi/vec4 1, 0, 5;
    %assign/vec4 v0x3a134263a0_0, 0;
T_0.1 ;
    %jmp T_0;
    .thread T_0;
    .scope S_0x3a133c6ee0;
T_1 ;
    %wait E_0x3a13346da0;
    %load/vec4 v0x3a134263a0_0;
    %dup/vec4;
    %pushi/vec4 1, 0, 5;
    %cmp/u;
    %jmp/1 T_1.0, 6;
    %dup/vec4;
    %pushi/vec4 2, 0, 5;
    %cmp/u;
    %jmp/1 T_1.1, 6;
    %dup/vec4;
    %pushi/vec4 3, 0, 5;
    %cmp/u;
    %jmp/1 T_1.2, 6;
    %dup/vec4;
    %pushi/vec4 4, 0, 5;
    %cmp/u;
    %jmp/1 T_1.3, 6;
    %dup/vec4;
    %pushi/vec4 5, 0, 5;
    %cmp/u;
    %jmp/1 T_1.4, 6;
    %dup/vec4;
    %pushi/vec4 6, 0, 5;
    %cmp/u;
    %jmp/1 T_1.5, 6;
    %dup/vec4;
    %pushi/vec4 7, 0, 5;
    %cmp/u;
    %jmp/1 T_1.6, 6;
    %dup/vec4;
    %pushi/vec4 27, 0, 5;
    %cmp/u;
    %jmp/1 T_1.7, 6;
    %dup/vec4;
    %pushi/vec4 28, 0, 5;
    %cmp/u;
    %jmp/1 T_1.8, 6;
    %dup/vec4;
    %pushi/vec4 17, 0, 5;
    %cmp/u;
    %jmp/1 T_1.9, 6;
    %dup/vec4;
    %pushi/vec4 18, 0, 5;
    %cmp/u;
    %jmp/1 T_1.10, 6;
    %dup/vec4;
    %pushi/vec4 19, 0, 5;
    %cmp/u;
    %jmp/1 T_1.11, 6;
    %dup/vec4;
    %pushi/vec4 21, 0, 5;
    %cmp/u;
    %jmp/1 T_1.12, 6;
    %dup/vec4;
    %pushi/vec4 22, 0, 5;
    %cmp/u;
    %jmp/1 T_1.13, 6;
    %dup/vec4;
    %pushi/vec4 23, 0, 5;
    %cmp/u;
    %jmp/1 T_1.14, 6;
    %dup/vec4;
    %pushi/vec4 25, 0, 5;
    %cmp/u;
    %jmp/1 T_1.15, 6;
    %dup/vec4;
    %pushi/vec4 26, 0, 5;
    %cmp/u;
    %jmp/1 T_1.16, 6;
    %jmp T_1.17;
T_1.0 ;
    %load/vec4 v0x3a13425e90_0;
    %flag_set/vec4 8;
    %jmp/0xz  T_1.18, 8;
    %load/vec4 v0x3a134269a0_0;
    %dup/vec4;
    %pushi/vec4 1, 0, 2;
    %cmp/u;
    %jmp/1 T_1.20, 6;
    %dup/vec4;
    %pushi/vec4 2, 0, 2;
    %cmp/u;
    %jmp/1 T_1.21, 6;
    %dup/vec4;
    %pushi/vec4 0, 0, 2;
    %cmp/u;
    %jmp/1 T_1.22, 6;
    %jmp T_1.23;
T_1.20 ;
    %pushi/vec4 3, 0, 5;
    %store/vec4 v0x3a13425f50_0, 0, 5;
    %jmp T_1.23;
T_1.21 ;
    %pushi/vec4 5, 0, 5;
    %store/vec4 v0x3a13425f50_0, 0, 5;
    %jmp T_1.23;
T_1.22 ;
    %pushi/vec4 2, 0, 5;
    %store/vec4 v0x3a13425f50_0, 0, 5;
    %jmp T_1.23;
T_1.23 ;
    %pop/vec4 1;
    %jmp T_1.19;
T_1.18 ;
    %load/vec4 v0x3a13426460_0;
    %flag_set/vec4 8;
    %jmp/0xz  T_1.24, 8;
    %load/vec4 v0x3a134269a0_0;
    %dup/vec4;
    %pushi/vec4 1, 0, 2;
    %cmp/u;
    %jmp/1 T_1.26, 6;
    %dup/vec4;
    %pushi/vec4 2, 0, 2;
    %cmp/u;
    %jmp/1 T_1.27, 6;
    %dup/vec4;
    %pushi/vec4 0, 0, 2;
    %cmp/u;
    %jmp/1 T_1.28, 6;
    %jmp T_1.29;
T_1.26 ;
    %pushi/vec4 17, 0, 5;
    %store/vec4 v0x3a13425f50_0, 0, 5;
    %jmp T_1.29;
T_1.27 ;
    %pushi/vec4 21, 0, 5;
    %store/vec4 v0x3a13425f50_0, 0, 5;
    %jmp T_1.29;
T_1.28 ;
    %pushi/vec4 27, 0, 5;
    %store/vec4 v0x3a13425f50_0, 0, 5;
    %jmp T_1.29;
T_1.29 ;
    %pop/vec4 1;
    %jmp T_1.25;
T_1.24 ;
    %pushi/vec4 1, 0, 5;
    %store/vec4 v0x3a13425f50_0, 0, 5;
T_1.25 ;
T_1.19 ;
    %jmp T_1.17;
T_1.1 ;
    %pushi/vec4 1, 0, 5;
    %store/vec4 v0x3a13425f50_0, 0, 5;
    %jmp T_1.17;
T_1.2 ;
    %load/vec4 v0x3a134248e0_0;
    %flag_set/vec4 8;
    %jmp/0xz  T_1.30, 8;
    %pushi/vec4 4, 0, 5;
    %store/vec4 v0x3a13425f50_0, 0, 5;
    %jmp T_1.31;
T_1.30 ;
    %pushi/vec4 1, 0, 5;
    %store/vec4 v0x3a13425f50_0, 0, 5;
T_1.31 ;
    %jmp T_1.17;
T_1.3 ;
    %pushi/vec4 1, 0, 5;
    %store/vec4 v0x3a13425f50_0, 0, 5;
    %jmp T_1.17;
T_1.4 ;
    %pushi/vec4 6, 0, 5;
    %store/vec4 v0x3a13425f50_0, 0, 5;
    %jmp T_1.17;
T_1.5 ;
    %load/vec4 v0x3a134249a0_0;
    %flag_set/vec4 8;
    %jmp/0xz  T_1.32, 8;
    %pushi/vec4 7, 0, 5;
    %store/vec4 v0x3a13425f50_0, 0, 5;
    %jmp T_1.33;
T_1.32 ;
    %pushi/vec4 1, 0, 5;
    %store/vec4 v0x3a13425f50_0, 0, 5;
T_1.33 ;
    %jmp T_1.17;
T_1.6 ;
    %pushi/vec4 1, 0, 5;
    %store/vec4 v0x3a13425f50_0, 0, 5;
    %jmp T_1.17;
T_1.7 ;
    %pushi/vec4 28, 0, 5;
    %store/vec4 v0x3a13425f50_0, 0, 5;
    %jmp T_1.17;
T_1.8 ;
    %pushi/vec4 1, 0, 5;
    %store/vec4 v0x3a13425f50_0, 0, 5;
    %jmp T_1.17;
T_1.9 ;
    %pushi/vec4 1, 0, 5;
    %store/vec4 v0x3a13425f50_0, 0, 5;
    %jmp T_1.17;
T_1.10 ;
    %pushi/vec4 19, 0, 5;
    %store/vec4 v0x3a13425f50_0, 0, 5;
    %jmp T_1.17;
T_1.11 ;
    %pushi/vec4 1, 0, 5;
    %store/vec4 v0x3a13425f50_0, 0, 5;
    %jmp T_1.17;
T_1.12 ;
    %pushi/vec4 22, 0, 5;
    %store/vec4 v0x3a13425f50_0, 0, 5;
    %jmp T_1.17;
T_1.13 ;
    %load/vec4 v0x3a134249a0_0;
    %flag_set/vec4 8;
    %jmp/0xz  T_1.34, 8;
    %pushi/vec4 23, 0, 5;
    %store/vec4 v0x3a13425f50_0, 0, 5;
    %jmp T_1.35;
T_1.34 ;
    %pushi/vec4 1, 0, 5;
    %store/vec4 v0x3a13425f50_0, 0, 5;
T_1.35 ;
    %jmp T_1.17;
T_1.14 ;
    %pushi/vec4 25, 0, 5;
    %store/vec4 v0x3a13425f50_0, 0, 5;
    %jmp T_1.17;
T_1.15 ;
    %pushi/vec4 26, 0, 5;
    %store/vec4 v0x3a13425f50_0, 0, 5;
    %jmp T_1.17;
T_1.16 ;
    %pushi/vec4 1, 0, 5;
    %store/vec4 v0x3a13425f50_0, 0, 5;
    %jmp T_1.17;
T_1.17 ;
    %pop/vec4 1;
    %jmp T_1;
    .thread T_1, $push;
    .scope S_0x3a133c6ee0;
T_2 ;
    %wait E_0x3a13346c30;
    %load/vec4 v0x3a134263a0_0;
    %dup/vec4;
    %pushi/vec4 1, 0, 5;
    %cmp/u;
    %jmp/1 T_2.0, 6;
    %dup/vec4;
    %pushi/vec4 2, 0, 5;
    %cmp/u;
    %jmp/1 T_2.1, 6;
    %dup/vec4;
    %pushi/vec4 3, 0, 5;
    %cmp/u;
    %jmp/1 T_2.2, 6;
    %dup/vec4;
    %pushi/vec4 4, 0, 5;
    %cmp/u;
    %jmp/1 T_2.3, 6;
    %dup/vec4;
    %pushi/vec4 5, 0, 5;
    %cmp/u;
    %jmp/1 T_2.4, 6;
    %dup/vec4;
    %pushi/vec4 6, 0, 5;
    %cmp/u;
    %jmp/1 T_2.5, 6;
    %dup/vec4;
    %pushi/vec4 7, 0, 5;
    %cmp/u;
    %jmp/1 T_2.6, 6;
    %dup/vec4;
    %pushi/vec4 27, 0, 5;
    %cmp/u;
    %jmp/1 T_2.7, 6;
    %dup/vec4;
    %pushi/vec4 28, 0, 5;
    %cmp/u;
    %jmp/1 T_2.8, 6;
    %dup/vec4;
    %pushi/vec4 17, 0, 5;
    %cmp/u;
    %jmp/1 T_2.9, 6;
    %dup/vec4;
    %pushi/vec4 18, 0, 5;
    %cmp/u;
    %jmp/1 T_2.10, 6;
    %dup/vec4;
    %pushi/vec4 19, 0, 5;
    %cmp/u;
    %jmp/1 T_2.11, 6;
    %dup/vec4;
    %pushi/vec4 20, 0, 5;
    %cmp/u;
    %jmp/1 T_2.12, 6;
    %dup/vec4;
    %pushi/vec4 21, 0, 5;
    %cmp/u;
    %jmp/1 T_2.13, 6;
    %dup/vec4;
    %pushi/vec4 22, 0, 5;
    %cmp/u;
    %jmp/1 T_2.14, 6;
    %dup/vec4;
    %pushi/vec4 23, 0, 5;
    %cmp/u;
    %jmp/1 T_2.15, 6;
    %dup/vec4;
    %pushi/vec4 25, 0, 5;
    %cmp/u;
    %jmp/1 T_2.16, 6;
    %dup/vec4;
    %pushi/vec4 26, 0, 5;
    %cmp/u;
    %jmp/1 T_2.17, 6;
    %jmp T_2.18;
T_2.0 ;
    %pushi/vec4 0, 0, 1;
    %store/vec4 v0x3a13424ab0_0, 0, 1;
    %pushi/vec4 0, 0, 1;
    %store/vec4 v0x3a134260f0_0, 0, 1;
    %pushi/vec4 0, 0, 1;
    %store/vec4 v0x3a13426c20_0, 0, 1;
    %pushi/vec4 0, 0, 1;
    %store/vec4 v0x3a13425690_0, 0, 1;
    %pushi/vec4 0, 0, 1;
    %store/vec4 v0x3a134257d0_0, 0, 1;
    %pushi/vec4 0, 0, 1;
    %store/vec4 v0x3a13425890_0, 0, 1;
    %pushi/vec4 0, 0, 1;
    %store/vec4 v0x3a13425730_0, 0, 1;
    %pushi/vec4 1, 0, 1;
    %store/vec4 v0x3a134255f0_0, 0, 1;
    %pushi/vec4 0, 0, 1;
    %store/vec4 v0x3a13425a10_0, 0, 1;
    %pushi/vec4 0, 0, 1;
    %store/vec4 v0x3a13426a80_0, 0, 1;
    %pushi/vec4 0, 0, 1;
    %store/vec4 v0x3a13425440_0, 0, 1;
    %pushi/vec4 0, 0, 1;
    %store/vec4 v0x3a134268e0_0, 0, 1;
    %pushi/vec4 0, 0, 1;
    %store/vec4 v0x3a13426820_0, 0, 1;
    %pushi/vec4 0, 0, 3;
    %store/vec4 v0x3a13425280_0, 0, 3;
    %pushi/vec4 3, 0, 3;
    %store/vec4 v0x3a13425360_0, 0, 3;
    %pushi/vec4 0, 0, 1;
    %store/vec4 v0x3a13425dd0_0, 0, 1;
    %pushi/vec4 0, 0, 1;
    %store/vec4 v0x3a13425d10_0, 0, 1;
    %pushi/vec4 0, 0, 1;
    %store/vec4 v0x3a13425c50_0, 0, 1;
    %pushi/vec4 0, 0, 1;
    %store/vec4 v0x3a13425b90_0, 0, 1;
    %pushi/vec4 0, 0, 1;
    %store/vec4 v0x3a13426760_0, 0, 1;
    %pushi/vec4 0, 0, 1;
    %store/vec4 v0x3a134266a0_0, 0, 1;
    %pushi/vec4 0, 0, 1;
    %store/vec4 v0x3a134265e0_0, 0, 1;
    %pushi/vec4 0, 0, 1;
    %store/vec4 v0x3a13426520_0, 0, 1;
    %pushi/vec4 0, 0, 2;
    %store/vec4 v0x3a13424c30_0, 0, 2;
    %pushi/vec4 0, 0, 3;
    %store/vec4 v0x3a13424d10_0, 0, 3;
    %pushi/vec4 0, 0, 3;
    %store/vec4 v0x3a13424e80_0, 0, 3;
    %pushi/vec4 0, 0, 3;
    %store/vec4 v0x3a13424f60_0, 0, 3;
    %pushi/vec4 0, 0, 1;
    %store/vec4 v0x3a13426030_0, 0, 1;
    %pushi/vec4 1, 0, 1;
    %store/vec4 v0x3a13424750_0, 0, 1;
    %pushi/vec4 0, 0, 1;
    %store/vec4 v0x3a13403210_0, 0, 1;
    %pushi/vec4 0, 0, 1;
    %store/vec4 v0x3a13425040_0, 0, 1;
    %pushi/vec4 0, 0, 1;
    %store/vec4 v0x3a13425100_0, 0, 1;
    %pushi/vec4 1, 0, 1;
    %store/vec4 v0x3a134251c0_0, 0, 1;
    %jmp T_2.18;
T_2.1 ;
    %pushi/vec4 0, 0, 1;
    %store/vec4 v0x3a13424ab0_0, 0, 1;
    %pushi/vec4 1, 0, 1;
    %store/vec4 v0x3a134260f0_0, 0, 1;
    %pushi/vec4 0, 0, 1;
    %store/vec4 v0x3a13426c20_0, 0, 1;
    %pushi/vec4 0, 0, 1;
    %store/vec4 v0x3a13425690_0, 0, 1;
    %pushi/vec4 0, 0, 1;
    %store/vec4 v0x3a134257d0_0, 0, 1;
    %pushi/vec4 1, 0, 1;
    %store/vec4 v0x3a13425890_0, 0, 1;
    %pushi/vec4 1, 0, 1;
    %store/vec4 v0x3a13425730_0, 0, 1;
    %pushi/vec4 1, 0, 1;
    %store/vec4 v0x3a134255f0_0, 0, 1;
    %pushi/vec4 0, 0, 1;
    %store/vec4 v0x3a13425a10_0, 0, 1;
    %pushi/vec4 0, 0, 1;
    %store/vec4 v0x3a13426a80_0, 0, 1;
    %pushi/vec4 0, 0, 1;
    %store/vec4 v0x3a13425440_0, 0, 1;
    %pushi/vec4 0, 0, 1;
    %store/vec4 v0x3a134268e0_0, 0, 1;
    %pushi/vec4 0, 0, 1;
    %store/vec4 v0x3a13426820_0, 0, 1;
    %pushi/vec4 0, 0, 3;
    %store/vec4 v0x3a13425280_0, 0, 3;
    %pushi/vec4 3, 0, 3;
    %store/vec4 v0x3a13425360_0, 0, 3;
    %pushi/vec4 0, 0, 1;
    %store/vec4 v0x3a13425dd0_0, 0, 1;
    %pushi/vec4 0, 0, 1;
    %store/vec4 v0x3a13425d10_0, 0, 1;
    %pushi/vec4 0, 0, 1;
    %store/vec4 v0x3a13425c50_0, 0, 1;
    %pushi/vec4 0, 0, 1;
    %store/vec4 v0x3a13425b90_0, 0, 1;
    %pushi/vec4 0, 0, 1;
    %store/vec4 v0x3a13426760_0, 0, 1;
    %pushi/vec4 0, 0, 1;
    %store/vec4 v0x3a134266a0_0, 0, 1;
    %pushi/vec4 0, 0, 1;
    %store/vec4 v0x3a134265e0_0, 0, 1;
    %pushi/vec4 0, 0, 1;
    %store/vec4 v0x3a13426520_0, 0, 1;
    %load/vec4 v0x3a134248e0_0;
    %flag_set/vec4 8;
    %jmp/0 T_2.19, 8;
    %pushi/vec4 1, 0, 2;
    %jmp/1 T_2.20, 8;
T_2.19 ; End of true expr.
    %pushi/vec4 0, 0, 2;
    %jmp/0 T_2.20, 8;
 ; End of false expr.
    %blend;
T_2.20;
    %store/vec4 v0x3a13424c30_0, 0, 2;
    %load/vec4 v0x3a13425ad0_0;
    %flag_set/vec4 8;
    %jmp/0 T_2.21, 8;
    %pushi/vec4 2, 0, 3;
    %jmp/1 T_2.22, 8;
T_2.21 ; End of true expr.
    %pushi/vec4 4, 0, 3;
    %jmp/0 T_2.22, 8;
 ; End of false expr.
    %blend;
T_2.22;
    %store/vec4 v0x3a13424d10_0, 0, 3;
    %load/vec4 v0x3a13425ad0_0;
    %flag_set/vec4 8;
    %jmp/0 T_2.23, 8;
    %pushi/vec4 0, 0, 3;
    %jmp/1 T_2.24, 8;
T_2.23 ; End of true expr.
    %pushi/vec4 4, 0, 3;
    %jmp/0 T_2.24, 8;
 ; End of false expr.
    %blend;
T_2.24;
    %store/vec4 v0x3a13424e80_0, 0, 3;
    %load/vec4 v0x3a13425ad0_0;
    %flag_set/vec4 8;
    %jmp/0 T_2.25, 8;
    %pushi/vec4 0, 0, 3;
    %jmp/1 T_2.26, 8;
T_2.25 ; End of true expr.
    %pushi/vec4 4, 0, 3;
    %jmp/0 T_2.26, 8;
 ; End of false expr.
    %blend;
T_2.26;
    %store/vec4 v0x3a13424f60_0, 0, 3;
    %pushi/vec4 0, 0, 1;
    %store/vec4 v0x3a13426030_0, 0, 1;
    %pushi/vec4 1, 0, 1;
    %store/vec4 v0x3a13424750_0, 0, 1;
    %pushi/vec4 0, 0, 1;
    %store/vec4 v0x3a13403210_0, 0, 1;
    %pushi/vec4 0, 0, 1;
    %store/vec4 v0x3a13425040_0, 0, 1;
    %pushi/vec4 0, 0, 1;
    %store/vec4 v0x3a13425100_0, 0, 1;
    %pushi/vec4 1, 0, 1;
    %store/vec4 v0x3a134251c0_0, 0, 1;
    %jmp T_2.18;
T_2.2 ;
    %load/vec4 v0x3a134248e0_0;
    %store/vec4 v0x3a13424ab0_0, 0, 1;
    %load/vec4 v0x3a134248e0_0;
    %nor/r;
    %store/vec4 v0x3a134260f0_0, 0, 1;
    %pushi/vec4 0, 0, 1;
    %store/vec4 v0x3a13426c20_0, 0, 1;
    %load/vec4 v0x3a134248e0_0;
    %store/vec4 v0x3a13425690_0, 0, 1;
    %pushi/vec4 0, 0, 1;
    %store/vec4 v0x3a134257d0_0, 0, 1;
    %pushi/vec4 1, 0, 1;
    %store/vec4 v0x3a13425890_0, 0, 1;
    %pushi/vec4 1, 0, 1;
    %store/vec4 v0x3a13425730_0, 0, 1;
    %pushi/vec4 1, 0, 1;
    %store/vec4 v0x3a134255f0_0, 0, 1;
    %load/vec4 v0x3a134248e0_0;
    %flag_set/vec4 8;
    %jmp/0 T_2.27, 8;
    %pushi/vec4 1, 0, 1;
    %jmp/1 T_2.28, 8;
T_2.27 ; End of true expr.
    %pushi/vec4 0, 0, 1;
    %jmp/0 T_2.28, 8;
 ; End of false expr.
    %blend;
T_2.28;
    %store/vec4 v0x3a13425a10_0, 0, 1;
    %load/vec4 v0x3a134248e0_0;
    %flag_set/vec4 8;
    %jmp/0 T_2.29, 8;
    %pushi/vec4 1, 0, 1;
    %jmp/1 T_2.30, 8;
T_2.29 ; End of true expr.
    %pushi/vec4 0, 0, 1;
    %jmp/0 T_2.30, 8;
 ; End of false expr.
    %blend;
T_2.30;
    %store/vec4 v0x3a13426a80_0, 0, 1;
    %pushi/vec4 0, 0, 1;
    %store/vec4 v0x3a13425440_0, 0, 1;
    %pushi/vec4 0, 0, 1;
    %store/vec4 v0x3a134268e0_0, 0, 1;
    %pushi/vec4 0, 0, 1;
    %store/vec4 v0x3a13426820_0, 0, 1;
    %pushi/vec4 0, 0, 3;
    %store/vec4 v0x3a13425280_0, 0, 3;
    %pushi/vec4 3, 0, 3;
    %store/vec4 v0x3a13425360_0, 0, 3;
    %pushi/vec4 0, 0, 1;
    %store/vec4 v0x3a13425dd0_0, 0, 1;
    %pushi/vec4 0, 0, 1;
    %store/vec4 v0x3a13425d10_0, 0, 1;
    %pushi/vec4 0, 0, 1;
    %store/vec4 v0x3a13425c50_0, 0, 1;
    %pushi/vec4 0, 0, 1;
    %store/vec4 v0x3a13425b90_0, 0, 1;
    %pushi/vec4 0, 0, 1;
    %store/vec4 v0x3a13426760_0, 0, 1;
    %pushi/vec4 0, 0, 1;
    %store/vec4 v0x3a134266a0_0, 0, 1;
    %pushi/vec4 0, 0, 1;
    %store/vec4 v0x3a134265e0_0, 0, 1;
    %pushi/vec4 0, 0, 1;
    %store/vec4 v0x3a13426520_0, 0, 1;
    %load/vec4 v0x3a134248e0_0;
    %flag_set/vec4 8;
    %jmp/0 T_2.31, 8;
    %pushi/vec4 0, 0, 2;
    %jmp/1 T_2.32, 8;
T_2.31 ; End of true expr.
    %pushi/vec4 0, 0, 2;
    %jmp/0 T_2.32, 8;
 ; End of false expr.
    %blend;
T_2.32;
    %store/vec4 v0x3a13424c30_0, 0, 2;
    %load/vec4 v0x3a134248e0_0;
    %flag_set/vec4 8;
    %jmp/0 T_2.33, 8;
    %pushi/vec4 0, 0, 3;
    %jmp/1 T_2.34, 8;
T_2.33 ; End of true expr.
    %pushi/vec4 1, 0, 3;
    %jmp/0 T_2.34, 8;
 ; End of false expr.
    %blend;
T_2.34;
    %store/vec4 v0x3a13424d10_0, 0, 3;
    %load/vec4 v0x3a13425ad0_0;
    %flag_set/vec4 8;
    %jmp/0 T_2.35, 8;
    %pushi/vec4 1, 0, 3;
    %jmp/1 T_2.36, 8;
T_2.35 ; End of true expr.
    %pushi/vec4 4, 0, 3;
    %jmp/0 T_2.36, 8;
 ; End of false expr.
    %blend;
T_2.36;
    %store/vec4 v0x3a13424e80_0, 0, 3;
    %load/vec4 v0x3a13425ad0_0;
    %flag_set/vec4 8;
    %jmp/0 T_2.37, 8;
    %pushi/vec4 1, 0, 3;
    %jmp/1 T_2.38, 8;
T_2.37 ; End of true expr.
    %pushi/vec4 4, 0, 3;
    %jmp/0 T_2.38, 8;
 ; End of false expr.
    %blend;
T_2.38;
    %store/vec4 v0x3a13424f60_0, 0, 3;
    %pushi/vec4 0, 0, 1;
    %store/vec4 v0x3a13426030_0, 0, 1;
    %pushi/vec4 1, 0, 1;
    %store/vec4 v0x3a13424750_0, 0, 1;
    %pushi/vec4 0, 0, 1;
    %store/vec4 v0x3a13403210_0, 0, 1;
    %pushi/vec4 0, 0, 1;
    %store/vec4 v0x3a13425040_0, 0, 1;
    %pushi/vec4 0, 0, 1;
    %store/vec4 v0x3a13425100_0, 0, 1;
    %load/vec4 v0x3a134248e0_0;
    %flag_set/vec4 8;
    %jmp/0 T_2.39, 8;
    %pushi/vec4 0, 0, 1;
    %jmp/1 T_2.40, 8;
T_2.39 ; End of true expr.
    %pushi/vec4 1, 0, 1;
    %jmp/0 T_2.40, 8;
 ; End of false expr.
    %blend;
T_2.40;
    %store/vec4 v0x3a134251c0_0, 0, 1;
    %jmp T_2.18;
T_2.3 ;
    %pushi/vec4 0, 0, 1;
    %store/vec4 v0x3a13424ab0_0, 0, 1;
    %pushi/vec4 1, 0, 1;
    %store/vec4 v0x3a134260f0_0, 0, 1;
    %pushi/vec4 0, 0, 1;
    %store/vec4 v0x3a13426c20_0, 0, 1;
    %pushi/vec4 0, 0, 1;
    %store/vec4 v0x3a13425690_0, 0, 1;
    %pushi/vec4 0, 0, 1;
    %store/vec4 v0x3a134257d0_0, 0, 1;
    %pushi/vec4 1, 0, 1;
    %store/vec4 v0x3a13425890_0, 0, 1;
    %pushi/vec4 1, 0, 1;
    %store/vec4 v0x3a13425730_0, 0, 1;
    %pushi/vec4 1, 0, 1;
    %store/vec4 v0x3a134255f0_0, 0, 1;
    %pushi/vec4 0, 0, 1;
    %store/vec4 v0x3a13425a10_0, 0, 1;
    %pushi/vec4 0, 0, 1;
    %store/vec4 v0x3a13426a80_0, 0, 1;
    %pushi/vec4 0, 0, 1;
    %store/vec4 v0x3a13425440_0, 0, 1;
    %pushi/vec4 0, 0, 1;
    %store/vec4 v0x3a134268e0_0, 0, 1;
    %pushi/vec4 0, 0, 1;
    %store/vec4 v0x3a13426820_0, 0, 1;
    %pushi/vec4 0, 0, 3;
    %store/vec4 v0x3a13425280_0, 0, 3;
    %pushi/vec4 3, 0, 3;
    %store/vec4 v0x3a13425360_0, 0, 3;
    %pushi/vec4 0, 0, 1;
    %store/vec4 v0x3a13425dd0_0, 0, 1;
    %pushi/vec4 0, 0, 1;
    %store/vec4 v0x3a13425d10_0, 0, 1;
    %pushi/vec4 0, 0, 1;
    %store/vec4 v0x3a13425c50_0, 0, 1;
    %pushi/vec4 0, 0, 1;
    %store/vec4 v0x3a13425b90_0, 0, 1;
    %pushi/vec4 0, 0, 1;
    %store/vec4 v0x3a13426760_0, 0, 1;
    %pushi/vec4 0, 0, 1;
    %store/vec4 v0x3a134266a0_0, 0, 1;
    %pushi/vec4 0, 0, 1;
    %store/vec4 v0x3a134265e0_0, 0, 1;
    %pushi/vec4 0, 0, 1;
    %store/vec4 v0x3a13426520_0, 0, 1;
    %pushi/vec4 2, 0, 2;
    %store/vec4 v0x3a13424c30_0, 0, 2;
    %pushi/vec4 0, 0, 3;
    %store/vec4 v0x3a13424d10_0, 0, 3;
    %load/vec4 v0x3a13425ad0_0;
    %flag_set/vec4 8;
    %jmp/0 T_2.41, 8;
    %pushi/vec4 1, 0, 3;
    %jmp/1 T_2.42, 8;
T_2.41 ; End of true expr.
    %pushi/vec4 4, 0, 3;
    %jmp/0 T_2.42, 8;
 ; End of false expr.
    %blend;
T_2.42;
    %store/vec4 v0x3a13424e80_0, 0, 3;
    %load/vec4 v0x3a13425ad0_0;
    %flag_set/vec4 8;
    %jmp/0 T_2.43, 8;
    %pushi/vec4 1, 0, 3;
    %jmp/1 T_2.44, 8;
T_2.43 ; End of true expr.
    %pushi/vec4 4, 0, 3;
    %jmp/0 T_2.44, 8;
 ; End of false expr.
    %blend;
T_2.44;
    %store/vec4 v0x3a13424f60_0, 0, 3;
    %pushi/vec4 0, 0, 1;
    %store/vec4 v0x3a13426030_0, 0, 1;
    %pushi/vec4 1, 0, 1;
    %store/vec4 v0x3a13424750_0, 0, 1;
    %pushi/vec4 0, 0, 1;
    %store/vec4 v0x3a13403210_0, 0, 1;
    %pushi/vec4 0, 0, 1;
    %store/vec4 v0x3a13425040_0, 0, 1;
    %pushi/vec4 0, 0, 1;
    %store/vec4 v0x3a13425100_0, 0, 1;
    %pushi/vec4 1, 0, 1;
    %store/vec4 v0x3a134251c0_0, 0, 1;
    %jmp T_2.18;
T_2.4 ;
    %pushi/vec4 1, 0, 1;
    %store/vec4 v0x3a13424ab0_0, 0, 1;
    %pushi/vec4 0, 0, 1;
    %store/vec4 v0x3a134260f0_0, 0, 1;
    %pushi/vec4 0, 0, 1;
    %store/vec4 v0x3a13426c20_0, 0, 1;
    %pushi/vec4 1, 0, 1;
    %store/vec4 v0x3a13425690_0, 0, 1;
    %pushi/vec4 0, 0, 1;
    %store/vec4 v0x3a134257d0_0, 0, 1;
    %pushi/vec4 1, 0, 1;
    %store/vec4 v0x3a13425890_0, 0, 1;
    %pushi/vec4 1, 0, 1;
    %store/vec4 v0x3a13425730_0, 0, 1;
    %pushi/vec4 1, 0, 1;
    %store/vec4 v0x3a134255f0_0, 0, 1;
    %pushi/vec4 1, 0, 1;
    %store/vec4 v0x3a13425a10_0, 0, 1;
    %pushi/vec4 1, 0, 1;
    %store/vec4 v0x3a13426a80_0, 0, 1;
    %pushi/vec4 0, 0, 1;
    %store/vec4 v0x3a13425440_0, 0, 1;
    %pushi/vec4 0, 0, 1;
    %store/vec4 v0x3a134268e0_0, 0, 1;
    %pushi/vec4 0, 0, 1;
    %store/vec4 v0x3a13426820_0, 0, 1;
    %pushi/vec4 0, 0, 3;
    %store/vec4 v0x3a13425280_0, 0, 3;
    %pushi/vec4 0, 0, 3;
    %store/vec4 v0x3a13425360_0, 0, 3;
    %pushi/vec4 0, 0, 1;
    %store/vec4 v0x3a13425dd0_0, 0, 1;
    %pushi/vec4 0, 0, 1;
    %store/vec4 v0x3a13425d10_0, 0, 1;
    %pushi/vec4 0, 0, 1;
    %store/vec4 v0x3a13425c50_0, 0, 1;
    %pushi/vec4 0, 0, 1;
    %store/vec4 v0x3a13425b90_0, 0, 1;
    %pushi/vec4 0, 0, 1;
    %store/vec4 v0x3a13426760_0, 0, 1;
    %pushi/vec4 0, 0, 1;
    %store/vec4 v0x3a134266a0_0, 0, 1;
    %pushi/vec4 0, 0, 1;
    %store/vec4 v0x3a134265e0_0, 0, 1;
    %pushi/vec4 0, 0, 1;
    %store/vec4 v0x3a13426520_0, 0, 1;
    %pushi/vec4 0, 0, 2;
    %store/vec4 v0x3a13424c30_0, 0, 2;
    %pushi/vec4 0, 0, 3;
    %store/vec4 v0x3a13424d10_0, 0, 3;
    %pushi/vec4 0, 0, 3;
    %store/vec4 v0x3a13424e80_0, 0, 3;
    %pushi/vec4 0, 0, 3;
    %store/vec4 v0x3a13424f60_0, 0, 3;
    %pushi/vec4 0, 0, 1;
    %store/vec4 v0x3a13426030_0, 0, 1;
    %pushi/vec4 1, 0, 1;
    %store/vec4 v0x3a13424750_0, 0, 1;
    %pushi/vec4 1, 0, 1;
    %store/vec4 v0x3a13403210_0, 0, 1;
    %pushi/vec4 1, 0, 1;
    %store/vec4 v0x3a13425040_0, 0, 1;
    %pushi/vec4 0, 0, 1;
    %store/vec4 v0x3a13425100_0, 0, 1;
    %pushi/vec4 0, 0, 1;
    %store/vec4 v0x3a134251c0_0, 0, 1;
    %jmp T_2.18;
T_2.5 ;
    %load/vec4 v0x3a134249a0_0;
    %nor/r;
    %store/vec4 v0x3a13424ab0_0, 0, 1;
    %pushi/vec4 0, 0, 1;
    %store/vec4 v0x3a134260f0_0, 0, 1;
    %load/vec4 v0x3a134249a0_0;
    %nor/r;
    %store/vec4 v0x3a13426c20_0, 0, 1;
    %load/vec4 v0x3a134249a0_0;
    %store/vec4 v0x3a13425690_0, 0, 1;
    %pushi/vec4 0, 0, 1;
    %store/vec4 v0x3a134257d0_0, 0, 1;
    %pushi/vec4 1, 0, 1;
    %store/vec4 v0x3a13425890_0, 0, 1;
    %pushi/vec4 1, 0, 1;
    %store/vec4 v0x3a13425730_0, 0, 1;
    %pushi/vec4 1, 0, 1;
    %store/vec4 v0x3a134255f0_0, 0, 1;
    %load/vec4 v0x3a134249a0_0;
    %flag_set/vec4 8;
    %jmp/0 T_2.45, 8;
    %pushi/vec4 1, 0, 1;
    %jmp/1 T_2.46, 8;
T_2.45 ; End of true expr.
    %pushi/vec4 0, 0, 1;
    %jmp/0 T_2.46, 8;
 ; End of false expr.
    %blend;
T_2.46;
    %store/vec4 v0x3a13425a10_0, 0, 1;
    %load/vec4 v0x3a134249a0_0;
    %flag_set/vec4 8;
    %jmp/0 T_2.47, 8;
    %pushi/vec4 1, 0, 1;
    %jmp/1 T_2.48, 8;
T_2.47 ; End of true expr.
    %pushi/vec4 0, 0, 1;
    %jmp/0 T_2.48, 8;
 ; End of false expr.
    %blend;
T_2.48;
    %store/vec4 v0x3a13426a80_0, 0, 1;
    %pushi/vec4 0, 0, 1;
    %store/vec4 v0x3a13425440_0, 0, 1;
    %pushi/vec4 0, 0, 1;
    %store/vec4 v0x3a134268e0_0, 0, 1;
    %pushi/vec4 0, 0, 1;
    %store/vec4 v0x3a13426820_0, 0, 1;
    %pushi/vec4 0, 0, 3;
    %store/vec4 v0x3a13425280_0, 0, 3;
    %pushi/vec4 3, 0, 3;
    %store/vec4 v0x3a13425360_0, 0, 3;
    %pushi/vec4 0, 0, 1;
    %store/vec4 v0x3a13425dd0_0, 0, 1;
    %pushi/vec4 0, 0, 1;
    %store/vec4 v0x3a13425d10_0, 0, 1;
    %pushi/vec4 0, 0, 1;
    %store/vec4 v0x3a13425c50_0, 0, 1;
    %pushi/vec4 0, 0, 1;
    %store/vec4 v0x3a13425b90_0, 0, 1;
    %pushi/vec4 0, 0, 1;
    %store/vec4 v0x3a13426760_0, 0, 1;
    %pushi/vec4 0, 0, 1;
    %store/vec4 v0x3a134266a0_0, 0, 1;
    %pushi/vec4 0, 0, 1;
    %store/vec4 v0x3a134265e0_0, 0, 1;
    %pushi/vec4 0, 0, 1;
    %store/vec4 v0x3a13426520_0, 0, 1;
    %pushi/vec4 0, 0, 2;
    %store/vec4 v0x3a13424c30_0, 0, 2;
    %pushi/vec4 0, 0, 3;
    %store/vec4 v0x3a13424d10_0, 0, 3;
    %pushi/vec4 0, 0, 3;
    %store/vec4 v0x3a13424e80_0, 0, 3;
    %pushi/vec4 0, 0, 3;
    %store/vec4 v0x3a13424f60_0, 0, 3;
    %pushi/vec4 1, 0, 1;
    %store/vec4 v0x3a13426030_0, 0, 1;
    %pushi/vec4 1, 0, 1;
    %store/vec4 v0x3a13424750_0, 0, 1;
    %pushi/vec4 1, 0, 1;
    %store/vec4 v0x3a13403210_0, 0, 1;
    %pushi/vec4 1, 0, 1;
    %store/vec4 v0x3a13425040_0, 0, 1;
    %pushi/vec4 0, 0, 1;
    %store/vec4 v0x3a13425100_0, 0, 1;
    %pushi/vec4 0, 0, 1;
    %store/vec4 v0x3a134251c0_0, 0, 1;
    %jmp T_2.18;
T_2.6 ;
    %pushi/vec4 0, 0, 1;
    %store/vec4 v0x3a13424ab0_0, 0, 1;
    %pushi/vec4 1, 0, 1;
    %store/vec4 v0x3a134260f0_0, 0, 1;
    %pushi/vec4 0, 0, 1;
    %store/vec4 v0x3a13426c20_0, 0, 1;
    %pushi/vec4 0, 0, 1;
    %store/vec4 v0x3a13425690_0, 0, 1;
    %pushi/vec4 0, 0, 1;
    %store/vec4 v0x3a134257d0_0, 0, 1;
    %pushi/vec4 1, 0, 1;
    %store/vec4 v0x3a13425890_0, 0, 1;
    %pushi/vec4 1, 0, 1;
    %store/vec4 v0x3a13425730_0, 0, 1;
    %pushi/vec4 1, 0, 1;
    %store/vec4 v0x3a134255f0_0, 0, 1;
    %pushi/vec4 0, 0, 1;
    %store/vec4 v0x3a13425a10_0, 0, 1;
    %pushi/vec4 0, 0, 1;
    %store/vec4 v0x3a13426a80_0, 0, 1;
    %pushi/vec4 0, 0, 1;
    %store/vec4 v0x3a13425440_0, 0, 1;
    %pushi/vec4 0, 0, 1;
    %store/vec4 v0x3a134268e0_0, 0, 1;
    %pushi/vec4 0, 0, 1;
    %store/vec4 v0x3a13426820_0, 0, 1;
    %pushi/vec4 0, 0, 3;
    %store/vec4 v0x3a13425280_0, 0, 3;
    %pushi/vec4 3, 0, 3;
    %store/vec4 v0x3a13425360_0, 0, 3;
    %pushi/vec4 0, 0, 1;
    %store/vec4 v0x3a13425dd0_0, 0, 1;
    %pushi/vec4 0, 0, 1;
    %store/vec4 v0x3a13425d10_0, 0, 1;
    %pushi/vec4 0, 0, 1;
    %store/vec4 v0x3a13425c50_0, 0, 1;
    %pushi/vec4 0, 0, 1;
    %store/vec4 v0x3a13425b90_0, 0, 1;
    %pushi/vec4 0, 0, 1;
    %store/vec4 v0x3a13426760_0, 0, 1;
    %pushi/vec4 0, 0, 1;
    %store/vec4 v0x3a134266a0_0, 0, 1;
    %pushi/vec4 0, 0, 1;
    %store/vec4 v0x3a134265e0_0, 0, 1;
    %pushi/vec4 0, 0, 1;
    %store/vec4 v0x3a13426520_0, 0, 1;
    %pushi/vec4 3, 0, 2;
    %store/vec4 v0x3a13424c30_0, 0, 2;
    %pushi/vec4 3, 0, 3;
    %store/vec4 v0x3a13424d10_0, 0, 3;
    %pushi/vec4 3, 0, 3;
    %store/vec4 v0x3a13424e80_0, 0, 3;
    %pushi/vec4 2, 0, 3;
    %store/vec4 v0x3a13424f60_0, 0, 3;
    %pushi/vec4 1, 0, 1;
    %store/vec4 v0x3a13426030_0, 0, 1;
    %pushi/vec4 1, 0, 1;
    %store/vec4 v0x3a13424750_0, 0, 1;
    %pushi/vec4 0, 0, 1;
    %store/vec4 v0x3a13403210_0, 0, 1;
    %pushi/vec4 0, 0, 1;
    %store/vec4 v0x3a13425040_0, 0, 1;
    %pushi/vec4 0, 0, 1;
    %store/vec4 v0x3a13425100_0, 0, 1;
    %pushi/vec4 1, 0, 1;
    %store/vec4 v0x3a134251c0_0, 0, 1;
    %jmp T_2.18;
T_2.7 ;
    %pushi/vec4 1, 0, 1;
    %store/vec4 v0x3a13424ab0_0, 0, 1;
    %pushi/vec4 0, 0, 1;
    %store/vec4 v0x3a134260f0_0, 0, 1;
    %pushi/vec4 0, 0, 1;
    %store/vec4 v0x3a13426c20_0, 0, 1;
    %pushi/vec4 0, 0, 1;
    %store/vec4 v0x3a13425690_0, 0, 1;
    %pushi/vec4 1, 0, 1;
    %store/vec4 v0x3a134257d0_0, 0, 1;
    %pushi/vec4 1, 0, 1;
    %store/vec4 v0x3a13425890_0, 0, 1;
    %pushi/vec4 1, 0, 1;
    %store/vec4 v0x3a13425730_0, 0, 1;
    %pushi/vec4 1, 0, 1;
    %store/vec4 v0x3a134255f0_0, 0, 1;
    %pushi/vec4 0, 0, 1;
    %store/vec4 v0x3a13425a10_0, 0, 1;
    %pushi/vec4 0, 0, 1;
    %store/vec4 v0x3a13426a80_0, 0, 1;
    %load/vec4 v0x3a134248e0_0;
    %flag_set/vec4 8;
    %jmp/0 T_2.49, 8;
    %pushi/vec4 1, 0, 1;
    %jmp/1 T_2.50, 8;
T_2.49 ; End of true expr.
    %pushi/vec4 0, 0, 1;
    %jmp/0 T_2.50, 8;
 ; End of false expr.
    %blend;
T_2.50;
    %store/vec4 v0x3a13425440_0, 0, 1;
    %load/vec4 v0x3a134248e0_0;
    %flag_set/vec4 8;
    %jmp/0 T_2.51, 8;
    %pushi/vec4 0, 0, 1;
    %jmp/1 T_2.52, 8;
T_2.51 ; End of true expr.
    %pushi/vec4 1, 0, 1;
    %jmp/0 T_2.52, 8;
 ; End of false expr.
    %blend;
T_2.52;
    %store/vec4 v0x3a134268e0_0, 0, 1;
    %load/vec4 v0x3a134248e0_0;
    %flag_set/vec4 8;
    %jmp/0 T_2.53, 8;
    %pushi/vec4 1, 0, 1;
    %jmp/1 T_2.54, 8;
T_2.53 ; End of true expr.
    %pushi/vec4 0, 0, 1;
    %jmp/0 T_2.54, 8;
 ; End of false expr.
    %blend;
T_2.54;
    %store/vec4 v0x3a13426820_0, 0, 1;
    %pushi/vec4 4, 0, 3;
    %store/vec4 v0x3a13425280_0, 0, 3;
    %pushi/vec4 5, 0, 3;
    %store/vec4 v0x3a13425360_0, 0, 3;
    %pushi/vec4 1, 0, 1;
    %store/vec4 v0x3a13425dd0_0, 0, 1;
    %pushi/vec4 1, 0, 1;
    %store/vec4 v0x3a13425d10_0, 0, 1;
    %pushi/vec4 1, 0, 1;
    %store/vec4 v0x3a13425c50_0, 0, 1;
    %pushi/vec4 1, 0, 1;
    %store/vec4 v0x3a13425b90_0, 0, 1;
    %pushi/vec4 1, 0, 1;
    %store/vec4 v0x3a13426760_0, 0, 1;
    %pushi/vec4 1, 0, 1;
    %store/vec4 v0x3a134266a0_0, 0, 1;
    %pushi/vec4 1, 0, 1;
    %store/vec4 v0x3a134265e0_0, 0, 1;
    %pushi/vec4 1, 0, 1;
    %store/vec4 v0x3a13426520_0, 0, 1;
    %pushi/vec4 0, 0, 2;
    %store/vec4 v0x3a13424c30_0, 0, 2;
    %pushi/vec4 0, 0, 3;
    %store/vec4 v0x3a13424d10_0, 0, 3;
    %pushi/vec4 0, 0, 3;
    %store/vec4 v0x3a13424e80_0, 0, 3;
    %pushi/vec4 0, 0, 3;
    %store/vec4 v0x3a13424f60_0, 0, 3;
    %pushi/vec4 0, 0, 1;
    %store/vec4 v0x3a13426030_0, 0, 1;
    %pushi/vec4 1, 0, 1;
    %store/vec4 v0x3a13424750_0, 0, 1;
    %pushi/vec4 0, 0, 1;
    %store/vec4 v0x3a13403210_0, 0, 1;
    %pushi/vec4 0, 0, 1;
    %store/vec4 v0x3a13425040_0, 0, 1;
    %pushi/vec4 1, 0, 1;
    %store/vec4 v0x3a13425100_0, 0, 1;
    %pushi/vec4 0, 0, 1;
    %store/vec4 v0x3a134251c0_0, 0, 1;
    %jmp T_2.18;
T_2.8 ;
    %pushi/vec4 0, 0, 1;
    %store/vec4 v0x3a13424ab0_0, 0, 1;
    %pushi/vec4 0, 0, 1;
    %store/vec4 v0x3a134260f0_0, 0, 1;
    %pushi/vec4 1, 0, 1;
    %store/vec4 v0x3a13426c20_0, 0, 1;
    %pushi/vec4 0, 0, 1;
    %store/vec4 v0x3a13425690_0, 0, 1;
    %pushi/vec4 0, 0, 1;
    %store/vec4 v0x3a134257d0_0, 0, 1;
    %pushi/vec4 1, 0, 1;
    %store/vec4 v0x3a13425890_0, 0, 1;
    %pushi/vec4 1, 0, 1;
    %store/vec4 v0x3a13425730_0, 0, 1;
    %pushi/vec4 1, 0, 1;
    %store/vec4 v0x3a134255f0_0, 0, 1;
    %pushi/vec4 0, 0, 1;
    %store/vec4 v0x3a13425a10_0, 0, 1;
    %pushi/vec4 0, 0, 1;
    %store/vec4 v0x3a13426a80_0, 0, 1;
    %pushi/vec4 0, 0, 1;
    %store/vec4 v0x3a13425440_0, 0, 1;
    %pushi/vec4 0, 0, 1;
    %store/vec4 v0x3a134268e0_0, 0, 1;
    %pushi/vec4 0, 0, 1;
    %store/vec4 v0x3a13426820_0, 0, 1;
    %pushi/vec4 0, 0, 3;
    %store/vec4 v0x3a13425280_0, 0, 3;
    %pushi/vec4 3, 0, 3;
    %store/vec4 v0x3a13425360_0, 0, 3;
    %pushi/vec4 0, 0, 1;
    %store/vec4 v0x3a13425dd0_0, 0, 1;
    %pushi/vec4 0, 0, 1;
    %store/vec4 v0x3a13425d10_0, 0, 1;
    %pushi/vec4 0, 0, 1;
    %store/vec4 v0x3a13425c50_0, 0, 1;
    %pushi/vec4 0, 0, 1;
    %store/vec4 v0x3a13425b90_0, 0, 1;
    %pushi/vec4 0, 0, 1;
    %store/vec4 v0x3a13426760_0, 0, 1;
    %pushi/vec4 0, 0, 1;
    %store/vec4 v0x3a134266a0_0, 0, 1;
    %pushi/vec4 0, 0, 1;
    %store/vec4 v0x3a134265e0_0, 0, 1;
    %pushi/vec4 0, 0, 1;
    %store/vec4 v0x3a13426520_0, 0, 1;
    %pushi/vec4 0, 0, 2;
    %store/vec4 v0x3a13424c30_0, 0, 2;
    %pushi/vec4 0, 0, 3;
    %store/vec4 v0x3a13424d10_0, 0, 3;
    %pushi/vec4 0, 0, 3;
    %store/vec4 v0x3a13424e80_0, 0, 3;
    %pushi/vec4 0, 0, 3;
    %store/vec4 v0x3a13424f60_0, 0, 3;
    %pushi/vec4 0, 0, 1;
    %store/vec4 v0x3a13426030_0, 0, 1;
    %pushi/vec4 1, 0, 1;
    %store/vec4 v0x3a13424750_0, 0, 1;
    %pushi/vec4 0, 0, 1;
    %store/vec4 v0x3a13403210_0, 0, 1;
    %pushi/vec4 0, 0, 1;
    %store/vec4 v0x3a13425040_0, 0, 1;
    %pushi/vec4 0, 0, 1;
    %store/vec4 v0x3a13425100_0, 0, 1;
    %pushi/vec4 1, 0, 1;
    %store/vec4 v0x3a134251c0_0, 0, 1;
    %jmp T_2.18;
T_2.9 ;
    %load/vec4 v0x3a134248e0_0;
    %store/vec4 v0x3a13424ab0_0, 0, 1;
    %pushi/vec4 0, 0, 1;
    %store/vec4 v0x3a134260f0_0, 0, 1;
    %load/vec4 v0x3a134248e0_0;
    %nor/r;
    %store/vec4 v0x3a13426c20_0, 0, 1;
    %load/vec4 v0x3a134248e0_0;
    %store/vec4 v0x3a13425690_0, 0, 1;
    %load/vec4 v0x3a134248e0_0;
    %store/vec4 v0x3a134257d0_0, 0, 1;
    %pushi/vec4 1, 0, 1;
    %store/vec4 v0x3a13425890_0, 0, 1;
    %pushi/vec4 1, 0, 1;
    %store/vec4 v0x3a13425730_0, 0, 1;
    %pushi/vec4 1, 0, 1;
    %store/vec4 v0x3a134255f0_0, 0, 1;
    %load/vec4 v0x3a134248e0_0;
    %flag_set/vec4 8;
    %jmp/0 T_2.55, 8;
    %pushi/vec4 1, 0, 1;
    %jmp/1 T_2.56, 8;
T_2.55 ; End of true expr.
    %pushi/vec4 0, 0, 1;
    %jmp/0 T_2.56, 8;
 ; End of false expr.
    %blend;
T_2.56;
    %store/vec4 v0x3a13425a10_0, 0, 1;
    %load/vec4 v0x3a134248e0_0;
    %flag_set/vec4 8;
    %jmp/0 T_2.57, 8;
    %pushi/vec4 1, 0, 1;
    %jmp/1 T_2.58, 8;
T_2.57 ; End of true expr.
    %pushi/vec4 0, 0, 1;
    %jmp/0 T_2.58, 8;
 ; End of false expr.
    %blend;
T_2.58;
    %store/vec4 v0x3a13426a80_0, 0, 1;
    %pushi/vec4 1, 0, 1;
    %store/vec4 v0x3a13425440_0, 0, 1;
    %pushi/vec4 0, 0, 1;
    %store/vec4 v0x3a134268e0_0, 0, 1;
    %load/vec4 v0x3a134248e0_0;
    %flag_set/vec4 8;
    %jmp/0 T_2.59, 8;
    %pushi/vec4 1, 0, 1;
    %jmp/1 T_2.60, 8;
T_2.59 ; End of true expr.
    %pushi/vec4 0, 0, 1;
    %jmp/0 T_2.60, 8;
 ; End of false expr.
    %blend;
T_2.60;
    %store/vec4 v0x3a13426820_0, 0, 1;
    %pushi/vec4 4, 0, 3;
    %store/vec4 v0x3a13425280_0, 0, 3;
    %load/vec4 v0x3a134248e0_0;
    %flag_set/vec4 8;
    %jmp/0 T_2.61, 8;
    %pushi/vec4 7, 0, 3;
    %jmp/1 T_2.62, 8;
T_2.61 ; End of true expr.
    %pushi/vec4 4, 0, 3;
    %jmp/0 T_2.62, 8;
 ; End of false expr.
    %blend;
T_2.62;
    %store/vec4 v0x3a13425360_0, 0, 3;
    %load/vec4 v0x3a134248e0_0;
    %flag_set/vec4 8;
    %jmp/0 T_2.63, 8;
    %pushi/vec4 1, 0, 1;
    %jmp/1 T_2.64, 8;
T_2.63 ; End of true expr.
    %pushi/vec4 0, 0, 1;
    %jmp/0 T_2.64, 8;
 ; End of false expr.
    %blend;
T_2.64;
    %store/vec4 v0x3a13425dd0_0, 0, 1;
    %load/vec4 v0x3a134248e0_0;
    %flag_set/vec4 8;
    %jmp/0 T_2.65, 8;
    %pushi/vec4 1, 0, 1;
    %jmp/1 T_2.66, 8;
T_2.65 ; End of true expr.
    %pushi/vec4 0, 0, 1;
    %jmp/0 T_2.66, 8;
 ; End of false expr.
    %blend;
T_2.66;
    %store/vec4 v0x3a13425d10_0, 0, 1;
    %load/vec4 v0x3a134248e0_0;
    %flag_set/vec4 8;
    %jmp/0 T_2.67, 8;
    %pushi/vec4 1, 0, 1;
    %jmp/1 T_2.68, 8;
T_2.67 ; End of true expr.
    %pushi/vec4 0, 0, 1;
    %jmp/0 T_2.68, 8;
 ; End of false expr.
    %blend;
T_2.68;
    %store/vec4 v0x3a13425c50_0, 0, 1;
    %load/vec4 v0x3a134248e0_0;
    %flag_set/vec4 8;
    %jmp/0 T_2.69, 8;
    %pushi/vec4 1, 0, 1;
    %jmp/1 T_2.70, 8;
T_2.69 ; End of true expr.
    %pushi/vec4 0, 0, 1;
    %jmp/0 T_2.70, 8;
 ; End of false expr.
    %blend;
T_2.70;
    %store/vec4 v0x3a13425b90_0, 0, 1;
    %load/vec4 v0x3a134248e0_0;
    %flag_set/vec4 8;
    %jmp/0 T_2.71, 8;
    %pushi/vec4 1, 0, 1;
    %jmp/1 T_2.72, 8;
T_2.71 ; End of true expr.
    %pushi/vec4 0, 0, 1;
    %jmp/0 T_2.72, 8;
 ; End of false expr.
    %blend;
T_2.72;
    %store/vec4 v0x3a13426760_0, 0, 1;
    %load/vec4 v0x3a134248e0_0;
    %flag_set/vec4 8;
    %jmp/0 T_2.73, 8;
    %pushi/vec4 1, 0, 1;
    %jmp/1 T_2.74, 8;
T_2.73 ; End of true expr.
    %pushi/vec4 0, 0, 1;
    %jmp/0 T_2.74, 8;
 ; End of false expr.
    %blend;
T_2.74;
    %store/vec4 v0x3a134266a0_0, 0, 1;
    %load/vec4 v0x3a134248e0_0;
    %flag_set/vec4 8;
    %jmp/0 T_2.75, 8;
    %pushi/vec4 1, 0, 1;
    %jmp/1 T_2.76, 8;
T_2.75 ; End of true expr.
    %pushi/vec4 0, 0, 1;
    %jmp/0 T_2.76, 8;
 ; End of false expr.
    %blend;
T_2.76;
    %store/vec4 v0x3a134265e0_0, 0, 1;
    %load/vec4 v0x3a134248e0_0;
    %flag_set/vec4 8;
    %jmp/0 T_2.77, 8;
    %pushi/vec4 1, 0, 1;
    %jmp/1 T_2.78, 8;
T_2.77 ; End of true expr.
    %pushi/vec4 0, 0, 1;
    %jmp/0 T_2.78, 8;
 ; End of false expr.
    %blend;
T_2.78;
    %store/vec4 v0x3a13426520_0, 0, 1;
    %pushi/vec4 0, 0, 2;
    %store/vec4 v0x3a13424c30_0, 0, 2;
    %pushi/vec4 0, 0, 3;
    %store/vec4 v0x3a13424d10_0, 0, 3;
    %pushi/vec4 0, 0, 3;
    %store/vec4 v0x3a13424e80_0, 0, 3;
    %pushi/vec4 0, 0, 3;
    %store/vec4 v0x3a13424f60_0, 0, 3;
    %pushi/vec4 0, 0, 1;
    %store/vec4 v0x3a13426030_0, 0, 1;
    %pushi/vec4 1, 0, 1;
    %store/vec4 v0x3a13424750_0, 0, 1;
    %load/vec4 v0x3a134248e0_0;
    %flag_set/vec4 8;
    %jmp/0 T_2.79, 8;
    %pushi/vec4 1, 0, 1;
    %jmp/1 T_2.80, 8;
T_2.79 ; End of true expr.
    %pushi/vec4 0, 0, 1;
    %jmp/0 T_2.80, 8;
 ; End of false expr.
    %blend;
T_2.80;
    %store/vec4 v0x3a13403210_0, 0, 1;
    %load/vec4 v0x3a134248e0_0;
    %flag_set/vec4 8;
    %jmp/0 T_2.81, 8;
    %pushi/vec4 1, 0, 1;
    %jmp/1 T_2.82, 8;
T_2.81 ; End of true expr.
    %pushi/vec4 0, 0, 1;
    %jmp/0 T_2.82, 8;
 ; End of false expr.
    %blend;
T_2.82;
    %store/vec4 v0x3a13425040_0, 0, 1;
    %pushi/vec4 1, 0, 1;
    %store/vec4 v0x3a13425100_0, 0, 1;
    %load/vec4 v0x3a134248e0_0;
    %flag_set/vec4 8;
    %jmp/0 T_2.83, 8;
    %pushi/vec4 0, 0, 1;
    %jmp/1 T_2.84, 8;
T_2.83 ; End of true expr.
    %pushi/vec4 1, 0, 1;
    %jmp/0 T_2.84, 8;
 ; End of false expr.
    %blend;
T_2.84;
    %store/vec4 v0x3a134251c0_0, 0, 1;
    %jmp T_2.18;
T_2.10 ;
    %pushi/vec4 1, 0, 1;
    %store/vec4 v0x3a13424ab0_0, 0, 1;
    %pushi/vec4 0, 0, 1;
    %store/vec4 v0x3a134260f0_0, 0, 1;
    %pushi/vec4 0, 0, 1;
    %store/vec4 v0x3a13426c20_0, 0, 1;
    %pushi/vec4 1, 0, 1;
    %store/vec4 v0x3a13425690_0, 0, 1;
    %pushi/vec4 0, 0, 1;
    %store/vec4 v0x3a134257d0_0, 0, 1;
    %pushi/vec4 1, 0, 1;
    %store/vec4 v0x3a13425890_0, 0, 1;
    %pushi/vec4 1, 0, 1;
    %store/vec4 v0x3a13425730_0, 0, 1;
    %pushi/vec4 1, 0, 1;
    %store/vec4 v0x3a134255f0_0, 0, 1;
    %pushi/vec4 1, 0, 1;
    %store/vec4 v0x3a13425a10_0, 0, 1;
    %pushi/vec4 1, 0, 1;
    %store/vec4 v0x3a13426a80_0, 0, 1;
    %pushi/vec4 0, 0, 1;
    %store/vec4 v0x3a13425440_0, 0, 1;
    %pushi/vec4 0, 0, 1;
    %store/vec4 v0x3a134268e0_0, 0, 1;
    %pushi/vec4 0, 0, 1;
    %store/vec4 v0x3a13426820_0, 0, 1;
    %pushi/vec4 0, 0, 3;
    %store/vec4 v0x3a13425280_0, 0, 3;
    %pushi/vec4 0, 0, 3;
    %store/vec4 v0x3a13425360_0, 0, 3;
    %pushi/vec4 1, 0, 1;
    %store/vec4 v0x3a13425dd0_0, 0, 1;
    %pushi/vec4 1, 0, 1;
    %store/vec4 v0x3a13425d10_0, 0, 1;
    %pushi/vec4 1, 0, 1;
    %store/vec4 v0x3a13425c50_0, 0, 1;
    %pushi/vec4 1, 0, 1;
    %store/vec4 v0x3a13425b90_0, 0, 1;
    %pushi/vec4 1, 0, 1;
    %store/vec4 v0x3a13426760_0, 0, 1;
    %pushi/vec4 1, 0, 1;
    %store/vec4 v0x3a134266a0_0, 0, 1;
    %pushi/vec4 1, 0, 1;
    %store/vec4 v0x3a134265e0_0, 0, 1;
    %pushi/vec4 1, 0, 1;
    %store/vec4 v0x3a13426520_0, 0, 1;
    %pushi/vec4 0, 0, 2;
    %store/vec4 v0x3a13424c30_0, 0, 2;
    %pushi/vec4 0, 0, 3;
    %store/vec4 v0x3a13424d10_0, 0, 3;
    %pushi/vec4 0, 0, 3;
    %store/vec4 v0x3a13424e80_0, 0, 3;
    %pushi/vec4 0, 0, 3;
    %store/vec4 v0x3a13424f60_0, 0, 3;
    %pushi/vec4 0, 0, 1;
    %store/vec4 v0x3a13426030_0, 0, 1;
    %pushi/vec4 1, 0, 1;
    %store/vec4 v0x3a13424750_0, 0, 1;
    %pushi/vec4 1, 0, 1;
    %store/vec4 v0x3a13403210_0, 0, 1;
    %pushi/vec4 1, 0, 1;
    %store/vec4 v0x3a13425040_0, 0, 1;
    %pushi/vec4 0, 0, 1;
    %store/vec4 v0x3a13425100_0, 0, 1;
    %pushi/vec4 0, 0, 1;
    %store/vec4 v0x3a134251c0_0, 0, 1;
    %jmp T_2.18;
T_2.11 ;
    %pushi/vec4 1, 0, 1;
    %store/vec4 v0x3a13424ab0_0, 0, 1;
    %pushi/vec4 0, 0, 1;
    %store/vec4 v0x3a134260f0_0, 0, 1;
    %pushi/vec4 0, 0, 1;
    %store/vec4 v0x3a13426c20_0, 0, 1;
    %pushi/vec4 1, 0, 1;
    %store/vec4 v0x3a13425690_0, 0, 1;
    %pushi/vec4 0, 0, 1;
    %store/vec4 v0x3a134257d0_0, 0, 1;
    %pushi/vec4 1, 0, 1;
    %store/vec4 v0x3a13425890_0, 0, 1;
    %pushi/vec4 1, 0, 1;
    %store/vec4 v0x3a13425730_0, 0, 1;
    %pushi/vec4 1, 0, 1;
    %store/vec4 v0x3a134255f0_0, 0, 1;
    %pushi/vec4 1, 0, 1;
    %store/vec4 v0x3a13425a10_0, 0, 1;
    %pushi/vec4 1, 0, 1;
    %store/vec4 v0x3a13426a80_0, 0, 1;
    %pushi/vec4 0, 0, 1;
    %store/vec4 v0x3a13425440_0, 0, 1;
    %pushi/vec4 1, 0, 1;
    %store/vec4 v0x3a134268e0_0, 0, 1;
    %pushi/vec4 0, 0, 1;
    %store/vec4 v0x3a13426820_0, 0, 1;
    %pushi/vec4 7, 0, 3;
    %store/vec4 v0x3a13425280_0, 0, 3;
    %pushi/vec4 0, 0, 3;
    %store/vec4 v0x3a13425360_0, 0, 3;
    %pushi/vec4 0, 0, 1;
    %store/vec4 v0x3a13425dd0_0, 0, 1;
    %pushi/vec4 0, 0, 1;
    %store/vec4 v0x3a13425d10_0, 0, 1;
    %pushi/vec4 0, 0, 1;
    %store/vec4 v0x3a13425c50_0, 0, 1;
    %pushi/vec4 0, 0, 1;
    %store/vec4 v0x3a13425b90_0, 0, 1;
    %pushi/vec4 0, 0, 1;
    %store/vec4 v0x3a13426760_0, 0, 1;
    %pushi/vec4 0, 0, 1;
    %store/vec4 v0x3a134266a0_0, 0, 1;
    %pushi/vec4 0, 0, 1;
    %store/vec4 v0x3a134265e0_0, 0, 1;
    %pushi/vec4 0, 0, 1;
    %store/vec4 v0x3a13426520_0, 0, 1;
    %pushi/vec4 0, 0, 2;
    %store/vec4 v0x3a13424c30_0, 0, 2;
    %pushi/vec4 0, 0, 3;
    %store/vec4 v0x3a13424d10_0, 0, 3;
    %pushi/vec4 0, 0, 3;
    %store/vec4 v0x3a13424e80_0, 0, 3;
    %pushi/vec4 0, 0, 3;
    %store/vec4 v0x3a13424f60_0, 0, 3;
    %pushi/vec4 0, 0, 1;
    %store/vec4 v0x3a13426030_0, 0, 1;
    %pushi/vec4 1, 0, 1;
    %store/vec4 v0x3a13424750_0, 0, 1;
    %load/vec4 v0x3a134248e0_0;
    %flag_set/vec4 8;
    %jmp/0 T_2.85, 8;
    %pushi/vec4 1, 0, 1;
    %jmp/1 T_2.86, 8;
T_2.85 ; End of true expr.
    %pushi/vec4 0, 0, 1;
    %jmp/0 T_2.86, 8;
 ; End of false expr.
    %blend;
T_2.86;
    %store/vec4 v0x3a13403210_0, 0, 1;
    %load/vec4 v0x3a134248e0_0;
    %flag_set/vec4 8;
    %jmp/0 T_2.87, 8;
    %pushi/vec4 1, 0, 1;
    %jmp/1 T_2.88, 8;
T_2.87 ; End of true expr.
    %pushi/vec4 0, 0, 1;
    %jmp/0 T_2.88, 8;
 ; End of false expr.
    %blend;
T_2.88;
    %store/vec4 v0x3a13425040_0, 0, 1;
    %pushi/vec4 0, 0, 1;
    %store/vec4 v0x3a13425100_0, 0, 1;
    %load/vec4 v0x3a134248e0_0;
    %flag_set/vec4 8;
    %jmp/0 T_2.89, 8;
    %pushi/vec4 0, 0, 1;
    %jmp/1 T_2.90, 8;
T_2.89 ; End of true expr.
    %pushi/vec4 1, 0, 1;
    %jmp/0 T_2.90, 8;
 ; End of false expr.
    %blend;
T_2.90;
    %store/vec4 v0x3a134251c0_0, 0, 1;
    %jmp T_2.18;
T_2.12 ;
    %pushi/vec4 0, 0, 1;
    %store/vec4 v0x3a13424ab0_0, 0, 1;
    %pushi/vec4 0, 0, 1;
    %store/vec4 v0x3a134260f0_0, 0, 1;
    %pushi/vec4 1, 0, 1;
    %store/vec4 v0x3a13426c20_0, 0, 1;
    %pushi/vec4 0, 0, 1;
    %store/vec4 v0x3a13425690_0, 0, 1;
    %pushi/vec4 0, 0, 1;
    %store/vec4 v0x3a134257d0_0, 0, 1;
    %pushi/vec4 1, 0, 1;
    %store/vec4 v0x3a13425890_0, 0, 1;
    %pushi/vec4 1, 0, 1;
    %store/vec4 v0x3a13425730_0, 0, 1;
    %pushi/vec4 1, 0, 1;
    %store/vec4 v0x3a134255f0_0, 0, 1;
    %pushi/vec4 0, 0, 1;
    %store/vec4 v0x3a13425a10_0, 0, 1;
    %pushi/vec4 0, 0, 1;
    %store/vec4 v0x3a13426a80_0, 0, 1;
    %pushi/vec4 0, 0, 1;
    %store/vec4 v0x3a13425440_0, 0, 1;
    %pushi/vec4 0, 0, 1;
    %store/vec4 v0x3a134268e0_0, 0, 1;
    %pushi/vec4 0, 0, 1;
    %store/vec4 v0x3a13426820_0, 0, 1;
    %pushi/vec4 0, 0, 3;
    %store/vec4 v0x3a13425280_0, 0, 3;
    %pushi/vec4 3, 0, 3;
    %store/vec4 v0x3a13425360_0, 0, 3;
    %pushi/vec4 0, 0, 1;
    %store/vec4 v0x3a13425dd0_0, 0, 1;
    %pushi/vec4 0, 0, 1;
    %store/vec4 v0x3a13425d10_0, 0, 1;
    %pushi/vec4 0, 0, 1;
    %store/vec4 v0x3a13425c50_0, 0, 1;
    %pushi/vec4 0, 0, 1;
    %store/vec4 v0x3a13425b90_0, 0, 1;
    %pushi/vec4 0, 0, 1;
    %store/vec4 v0x3a13426760_0, 0, 1;
    %pushi/vec4 0, 0, 1;
    %store/vec4 v0x3a134266a0_0, 0, 1;
    %pushi/vec4 0, 0, 1;
    %store/vec4 v0x3a134265e0_0, 0, 1;
    %pushi/vec4 0, 0, 1;
    %store/vec4 v0x3a13426520_0, 0, 1;
    %pushi/vec4 0, 0, 2;
    %store/vec4 v0x3a13424c30_0, 0, 2;
    %pushi/vec4 0, 0, 3;
    %store/vec4 v0x3a13424d10_0, 0, 3;
    %pushi/vec4 0, 0, 3;
    %store/vec4 v0x3a13424e80_0, 0, 3;
    %pushi/vec4 0, 0, 3;
    %store/vec4 v0x3a13424f60_0, 0, 3;
    %pushi/vec4 0, 0, 1;
    %store/vec4 v0x3a13426030_0, 0, 1;
    %pushi/vec4 1, 0, 1;
    %store/vec4 v0x3a13424750_0, 0, 1;
    %pushi/vec4 0, 0, 1;
    %store/vec4 v0x3a13403210_0, 0, 1;
    %pushi/vec4 0, 0, 1;
    %store/vec4 v0x3a13425040_0, 0, 1;
    %pushi/vec4 0, 0, 1;
    %store/vec4 v0x3a13425100_0, 0, 1;
    %pushi/vec4 1, 0, 1;
    %store/vec4 v0x3a134251c0_0, 0, 1;
    %jmp T_2.18;
T_2.13 ;
    %pushi/vec4 1, 0, 1;
    %store/vec4 v0x3a13424ab0_0, 0, 1;
    %pushi/vec4 0, 0, 1;
    %store/vec4 v0x3a134260f0_0, 0, 1;
    %pushi/vec4 0, 0, 1;
    %store/vec4 v0x3a13426c20_0, 0, 1;
    %pushi/vec4 0, 0, 1;
    %store/vec4 v0x3a13425690_0, 0, 1;
    %pushi/vec4 1, 0, 1;
    %store/vec4 v0x3a134257d0_0, 0, 1;
    %pushi/vec4 1, 0, 1;
    %store/vec4 v0x3a13425890_0, 0, 1;
    %pushi/vec4 1, 0, 1;
    %store/vec4 v0x3a13425730_0, 0, 1;
    %pushi/vec4 1, 0, 1;
    %store/vec4 v0x3a134255f0_0, 0, 1;
    %pushi/vec4 1, 0, 1;
    %store/vec4 v0x3a13425a10_0, 0, 1;
    %pushi/vec4 1, 0, 1;
    %store/vec4 v0x3a13426a80_0, 0, 1;
    %pushi/vec4 1, 0, 1;
    %store/vec4 v0x3a13425440_0, 0, 1;
    %pushi/vec4 0, 0, 1;
    %store/vec4 v0x3a134268e0_0, 0, 1;
    %load/vec4 v0x3a134248e0_0;
    %flag_set/vec4 8;
    %jmp/0 T_2.91, 8;
    %pushi/vec4 1, 0, 1;
    %jmp/1 T_2.92, 8;
T_2.91 ; End of true expr.
    %pushi/vec4 0, 0, 1;
    %jmp/0 T_2.92, 8;
 ; End of false expr.
    %blend;
T_2.92;
    %store/vec4 v0x3a13426820_0, 0, 1;
    %pushi/vec4 4, 0, 3;
    %store/vec4 v0x3a13425280_0, 0, 3;
    %load/vec4 v0x3a134248e0_0;
    %flag_set/vec4 8;
    %jmp/0 T_2.93, 8;
    %pushi/vec4 4, 0, 3;
    %jmp/1 T_2.94, 8;
T_2.93 ; End of true expr.
    %pushi/vec4 7, 0, 3;
    %jmp/0 T_2.94, 8;
 ; End of false expr.
    %blend;
T_2.94;
    %store/vec4 v0x3a13425360_0, 0, 3;
    %load/vec4 v0x3a134248e0_0;
    %flag_set/vec4 8;
    %jmp/0 T_2.95, 8;
    %pushi/vec4 1, 0, 1;
    %jmp/1 T_2.96, 8;
T_2.95 ; End of true expr.
    %pushi/vec4 0, 0, 1;
    %jmp/0 T_2.96, 8;
 ; End of false expr.
    %blend;
T_2.96;
    %store/vec4 v0x3a13425dd0_0, 0, 1;
    %load/vec4 v0x3a134248e0_0;
    %flag_set/vec4 8;
    %jmp/0 T_2.97, 8;
    %pushi/vec4 1, 0, 1;
    %jmp/1 T_2.98, 8;
T_2.97 ; End of true expr.
    %pushi/vec4 0, 0, 1;
    %jmp/0 T_2.98, 8;
 ; End of false expr.
    %blend;
T_2.98;
    %store/vec4 v0x3a13425d10_0, 0, 1;
    %load/vec4 v0x3a134248e0_0;
    %flag_set/vec4 8;
    %jmp/0 T_2.99, 8;
    %pushi/vec4 1, 0, 1;
    %jmp/1 T_2.100, 8;
T_2.99 ; End of true expr.
    %pushi/vec4 0, 0, 1;
    %jmp/0 T_2.100, 8;
 ; End of false expr.
    %blend;
T_2.100;
    %store/vec4 v0x3a13425c50_0, 0, 1;
    %load/vec4 v0x3a134248e0_0;
    %flag_set/vec4 8;
    %jmp/0 T_2.101, 8;
    %pushi/vec4 1, 0, 1;
    %jmp/1 T_2.102, 8;
T_2.101 ; End of true expr.
    %pushi/vec4 0, 0, 1;
    %jmp/0 T_2.102, 8;
 ; End of false expr.
    %blend;
T_2.102;
    %store/vec4 v0x3a13425b90_0, 0, 1;
    %load/vec4 v0x3a134248e0_0;
    %flag_set/vec4 8;
    %jmp/0 T_2.103, 8;
    %pushi/vec4 1, 0, 1;
    %jmp/1 T_2.104, 8;
T_2.103 ; End of true expr.
    %pushi/vec4 0, 0, 1;
    %jmp/0 T_2.104, 8;
 ; End of false expr.
    %blend;
T_2.104;
    %store/vec4 v0x3a13426760_0, 0, 1;
    %load/vec4 v0x3a134248e0_0;
    %flag_set/vec4 8;
    %jmp/0 T_2.105, 8;
    %pushi/vec4 1, 0, 1;
    %jmp/1 T_2.106, 8;
T_2.105 ; End of true expr.
    %pushi/vec4 0, 0, 1;
    %jmp/0 T_2.106, 8;
 ; End of false expr.
    %blend;
T_2.106;
    %store/vec4 v0x3a134266a0_0, 0, 1;
    %load/vec4 v0x3a134248e0_0;
    %flag_set/vec4 8;
    %jmp/0 T_2.107, 8;
    %pushi/vec4 1, 0, 1;
    %jmp/1 T_2.108, 8;
T_2.107 ; End of true expr.
    %pushi/vec4 0, 0, 1;
    %jmp/0 T_2.108, 8;
 ; End of false expr.
    %blend;
T_2.108;
    %store/vec4 v0x3a134265e0_0, 0, 1;
    %load/vec4 v0x3a134248e0_0;
    %flag_set/vec4 8;
    %jmp/0 T_2.109, 8;
    %pushi/vec4 1, 0, 1;
    %jmp/1 T_2.110, 8;
T_2.109 ; End of true expr.
    %pushi/vec4 0, 0, 1;
    %jmp/0 T_2.110, 8;
 ; End of false expr.
    %blend;
T_2.110;
    %store/vec4 v0x3a13426520_0, 0, 1;
    %pushi/vec4 0, 0, 2;
    %store/vec4 v0x3a13424c30_0, 0, 2;
    %pushi/vec4 0, 0, 3;
    %store/vec4 v0x3a13424d10_0, 0, 3;
    %pushi/vec4 0, 0, 3;
    %store/vec4 v0x3a13424e80_0, 0, 3;
    %pushi/vec4 0, 0, 3;
    %store/vec4 v0x3a13424f60_0, 0, 3;
    %pushi/vec4 0, 0, 1;
    %store/vec4 v0x3a13426030_0, 0, 1;
    %pushi/vec4 1, 0, 1;
    %store/vec4 v0x3a13424750_0, 0, 1;
    %pushi/vec4 1, 0, 1;
    %store/vec4 v0x3a13403210_0, 0, 1;
    %pushi/vec4 1, 0, 1;
    %store/vec4 v0x3a13425040_0, 0, 1;
    %pushi/vec4 1, 0, 1;
    %store/vec4 v0x3a13425100_0, 0, 1;
    %pushi/vec4 0, 0, 1;
    %store/vec4 v0x3a134251c0_0, 0, 1;
    %jmp T_2.18;
T_2.14 ;
    %load/vec4 v0x3a134249a0_0;
    %store/vec4 v0x3a13424ab0_0, 0, 1;
    %pushi/vec4 0, 0, 1;
    %store/vec4 v0x3a134260f0_0, 0, 1;
    %load/vec4 v0x3a134249a0_0;
    %nor/r;
    %store/vec4 v0x3a13426c20_0, 0, 1;
    %pushi/vec4 0, 0, 1;
    %store/vec4 v0x3a13425690_0, 0, 1;
    %load/vec4 v0x3a134249a0_0;
    %store/vec4 v0x3a134257d0_0, 0, 1;
    %pushi/vec4 1, 0, 1;
    %store/vec4 v0x3a13425890_0, 0, 1;
    %pushi/vec4 1, 0, 1;
    %store/vec4 v0x3a13425730_0, 0, 1;
    %pushi/vec4 1, 0, 1;
    %store/vec4 v0x3a134255f0_0, 0, 1;
    %load/vec4 v0x3a134249a0_0;
    %flag_set/vec4 8;
    %jmp/0 T_2.111, 8;
    %pushi/vec4 1, 0, 1;
    %jmp/1 T_2.112, 8;
T_2.111 ; End of true expr.
    %pushi/vec4 0, 0, 1;
    %jmp/0 T_2.112, 8;
 ; End of false expr.
    %blend;
T_2.112;
    %store/vec4 v0x3a13425a10_0, 0, 1;
    %load/vec4 v0x3a134249a0_0;
    %flag_set/vec4 8;
    %jmp/0 T_2.113, 8;
    %pushi/vec4 1, 0, 1;
    %jmp/1 T_2.114, 8;
T_2.113 ; End of true expr.
    %pushi/vec4 0, 0, 1;
    %jmp/0 T_2.114, 8;
 ; End of false expr.
    %blend;
T_2.114;
    %store/vec4 v0x3a13426a80_0, 0, 1;
    %pushi/vec4 1, 0, 1;
    %store/vec4 v0x3a13425440_0, 0, 1;
    %pushi/vec4 0, 0, 1;
    %store/vec4 v0x3a134268e0_0, 0, 1;
    %pushi/vec4 0, 0, 1;
    %store/vec4 v0x3a13426820_0, 0, 1;
    %load/vec4 v0x3a134249a0_0;
    %flag_set/vec4 8;
    %jmp/0 T_2.115, 8;
    %pushi/vec4 7, 0, 3;
    %jmp/1 T_2.116, 8;
T_2.115 ; End of true expr.
    %pushi/vec4 6, 0, 3;
    %jmp/0 T_2.116, 8;
 ; End of false expr.
    %blend;
T_2.116;
    %store/vec4 v0x3a13425280_0, 0, 3;
    %load/vec4 v0x3a134249a0_0;
    %flag_set/vec4 8;
    %jmp/0 T_2.117, 8;
    %pushi/vec4 6, 0, 3;
    %jmp/1 T_2.118, 8;
T_2.117 ; End of true expr.
    %pushi/vec4 5, 0, 3;
    %jmp/0 T_2.118, 8;
 ; End of false expr.
    %blend;
T_2.118;
    %store/vec4 v0x3a13425360_0, 0, 3;
    %load/vec4 v0x3a134249a0_0;
    %flag_set/vec4 8;
    %jmp/0 T_2.119, 8;
    %pushi/vec4 1, 0, 1;
    %jmp/1 T_2.120, 8;
T_2.119 ; End of true expr.
    %pushi/vec4 0, 0, 1;
    %jmp/0 T_2.120, 8;
 ; End of false expr.
    %blend;
T_2.120;
    %store/vec4 v0x3a13425dd0_0, 0, 1;
    %load/vec4 v0x3a134249a0_0;
    %flag_set/vec4 8;
    %jmp/0 T_2.121, 8;
    %pushi/vec4 1, 0, 1;
    %jmp/1 T_2.122, 8;
T_2.121 ; End of true expr.
    %pushi/vec4 0, 0, 1;
    %jmp/0 T_2.122, 8;
 ; End of false expr.
    %blend;
T_2.122;
    %store/vec4 v0x3a13425d10_0, 0, 1;
    %load/vec4 v0x3a134249a0_0;
    %flag_set/vec4 8;
    %jmp/0 T_2.123, 8;
    %pushi/vec4 1, 0, 1;
    %jmp/1 T_2.124, 8;
T_2.123 ; End of true expr.
    %pushi/vec4 0, 0, 1;
    %jmp/0 T_2.124, 8;
 ; End of false expr.
    %blend;
T_2.124;
    %store/vec4 v0x3a13425c50_0, 0, 1;
    %load/vec4 v0x3a134249a0_0;
    %flag_set/vec4 8;
    %jmp/0 T_2.125, 8;
    %pushi/vec4 1, 0, 1;
    %jmp/1 T_2.126, 8;
T_2.125 ; End of true expr.
    %pushi/vec4 0, 0, 1;
    %jmp/0 T_2.126, 8;
 ; End of false expr.
    %blend;
T_2.126;
    %store/vec4 v0x3a13425b90_0, 0, 1;
    %load/vec4 v0x3a134249a0_0;
    %flag_set/vec4 8;
    %jmp/0 T_2.127, 8;
    %pushi/vec4 1, 0, 1;
    %jmp/1 T_2.128, 8;
T_2.127 ; End of true expr.
    %pushi/vec4 0, 0, 1;
    %jmp/0 T_2.128, 8;
 ; End of false expr.
    %blend;
T_2.128;
    %store/vec4 v0x3a13426760_0, 0, 1;
    %load/vec4 v0x3a134249a0_0;
    %flag_set/vec4 8;
    %jmp/0 T_2.129, 8;
    %pushi/vec4 1, 0, 1;
    %jmp/1 T_2.130, 8;
T_2.129 ; End of true expr.
    %pushi/vec4 0, 0, 1;
    %jmp/0 T_2.130, 8;
 ; End of false expr.
    %blend;
T_2.130;
    %store/vec4 v0x3a134266a0_0, 0, 1;
    %load/vec4 v0x3a134249a0_0;
    %flag_set/vec4 8;
    %jmp/0 T_2.131, 8;
    %pushi/vec4 1, 0, 1;
    %jmp/1 T_2.132, 8;
T_2.131 ; End of true expr.
    %pushi/vec4 0, 0, 1;
    %jmp/0 T_2.132, 8;
 ; End of false expr.
    %blend;
T_2.132;
    %store/vec4 v0x3a134265e0_0, 0, 1;
    %load/vec4 v0x3a134249a0_0;
    %flag_set/vec4 8;
    %jmp/0 T_2.133, 8;
    %pushi/vec4 1, 0, 1;
    %jmp/1 T_2.134, 8;
T_2.133 ; End of true expr.
    %pushi/vec4 0, 0, 1;
    %jmp/0 T_2.134, 8;
 ; End of false expr.
    %blend;
T_2.134;
    %store/vec4 v0x3a13426520_0, 0, 1;
    %pushi/vec4 0, 0, 2;
    %store/vec4 v0x3a13424c30_0, 0, 2;
    %pushi/vec4 0, 0, 3;
    %store/vec4 v0x3a13424d10_0, 0, 3;
    %pushi/vec4 0, 0, 3;
    %store/vec4 v0x3a13424e80_0, 0, 3;
    %pushi/vec4 0, 0, 3;
    %store/vec4 v0x3a13424f60_0, 0, 3;
    %pushi/vec4 0, 0, 1;
    %store/vec4 v0x3a13426030_0, 0, 1;
    %pushi/vec4 1, 0, 1;
    %store/vec4 v0x3a13424750_0, 0, 1;
    %load/vec4 v0x3a134249a0_0;
    %flag_set/vec4 8;
    %jmp/0 T_2.135, 8;
    %pushi/vec4 1, 0, 1;
    %jmp/1 T_2.136, 8;
T_2.135 ; End of true expr.
    %pushi/vec4 0, 0, 1;
    %jmp/0 T_2.136, 8;
 ; End of false expr.
    %blend;
T_2.136;
    %store/vec4 v0x3a13403210_0, 0, 1;
    %load/vec4 v0x3a134249a0_0;
    %flag_set/vec4 8;
    %jmp/0 T_2.137, 8;
    %pushi/vec4 1, 0, 1;
    %jmp/1 T_2.138, 8;
T_2.137 ; End of true expr.
    %pushi/vec4 0, 0, 1;
    %jmp/0 T_2.138, 8;
 ; End of false expr.
    %blend;
T_2.138;
    %store/vec4 v0x3a13425040_0, 0, 1;
    %pushi/vec4 0, 0, 1;
    %store/vec4 v0x3a13425100_0, 0, 1;
    %load/vec4 v0x3a134249a0_0;
    %flag_set/vec4 8;
    %jmp/0 T_2.139, 8;
    %pushi/vec4 0, 0, 1;
    %jmp/1 T_2.140, 8;
T_2.139 ; End of true expr.
    %pushi/vec4 1, 0, 1;
    %jmp/0 T_2.140, 8;
 ; End of false expr.
    %blend;
T_2.140;
    %store/vec4 v0x3a134251c0_0, 0, 1;
    %jmp T_2.18;
T_2.15 ;
    %pushi/vec4 1, 0, 1;
    %store/vec4 v0x3a13424ab0_0, 0, 1;
    %pushi/vec4 0, 0, 1;
    %store/vec4 v0x3a134260f0_0, 0, 1;
    %pushi/vec4 0, 0, 1;
    %store/vec4 v0x3a13426c20_0, 0, 1;
    %pushi/vec4 1, 0, 1;
    %store/vec4 v0x3a13425690_0, 0, 1;
    %pushi/vec4 0, 0, 1;
    %store/vec4 v0x3a134257d0_0, 0, 1;
    %pushi/vec4 1, 0, 1;
    %store/vec4 v0x3a13425890_0, 0, 1;
    %pushi/vec4 1, 0, 1;
    %store/vec4 v0x3a13425730_0, 0, 1;
    %pushi/vec4 1, 0, 1;
    %store/vec4 v0x3a134255f0_0, 0, 1;
    %pushi/vec4 1, 0, 1;
    %store/vec4 v0x3a13425a10_0, 0, 1;
    %pushi/vec4 1, 0, 1;
    %store/vec4 v0x3a13426a80_0, 0, 1;
    %pushi/vec4 1, 0, 1;
    %store/vec4 v0x3a13425440_0, 0, 1;
    %pushi/vec4 0, 0, 1;
    %store/vec4 v0x3a134268e0_0, 0, 1;
    %pushi/vec4 0, 0, 1;
    %store/vec4 v0x3a13426820_0, 0, 1;
    %pushi/vec4 0, 0, 3;
    %store/vec4 v0x3a13425280_0, 0, 3;
    %pushi/vec4 0, 0, 3;
    %store/vec4 v0x3a13425360_0, 0, 3;
    %pushi/vec4 1, 0, 1;
    %store/vec4 v0x3a13425dd0_0, 0, 1;
    %pushi/vec4 1, 0, 1;
    %store/vec4 v0x3a13425d10_0, 0, 1;
    %pushi/vec4 1, 0, 1;
    %store/vec4 v0x3a13425c50_0, 0, 1;
    %pushi/vec4 1, 0, 1;
    %store/vec4 v0x3a13425b90_0, 0, 1;
    %pushi/vec4 1, 0, 1;
    %store/vec4 v0x3a13426760_0, 0, 1;
    %pushi/vec4 1, 0, 1;
    %store/vec4 v0x3a134266a0_0, 0, 1;
    %pushi/vec4 1, 0, 1;
    %store/vec4 v0x3a134265e0_0, 0, 1;
    %pushi/vec4 1, 0, 1;
    %store/vec4 v0x3a13426520_0, 0, 1;
    %pushi/vec4 0, 0, 2;
    %store/vec4 v0x3a13424c30_0, 0, 2;
    %pushi/vec4 0, 0, 3;
    %store/vec4 v0x3a13424d10_0, 0, 3;
    %pushi/vec4 0, 0, 3;
    %store/vec4 v0x3a13424e80_0, 0, 3;
    %pushi/vec4 0, 0, 3;
    %store/vec4 v0x3a13424f60_0, 0, 3;
    %pushi/vec4 0, 0, 1;
    %store/vec4 v0x3a13426030_0, 0, 1;
    %pushi/vec4 0, 0, 1;
    %store/vec4 v0x3a13424750_0, 0, 1;
    %pushi/vec4 1, 0, 1;
    %store/vec4 v0x3a13403210_0, 0, 1;
    %pushi/vec4 1, 0, 1;
    %store/vec4 v0x3a13425040_0, 0, 1;
    %pushi/vec4 0, 0, 1;
    %store/vec4 v0x3a13425100_0, 0, 1;
    %pushi/vec4 0, 0, 1;
    %store/vec4 v0x3a134251c0_0, 0, 1;
    %jmp T_2.18;
T_2.16 ;
    %pushi/vec4 1, 0, 1;
    %store/vec4 v0x3a13424ab0_0, 0, 1;
    %pushi/vec4 0, 0, 1;
    %store/vec4 v0x3a134260f0_0, 0, 1;
    %pushi/vec4 0, 0, 1;
    %store/vec4 v0x3a13426c20_0, 0, 1;
    %pushi/vec4 0, 0, 1;
    %store/vec4 v0x3a13425690_0, 0, 1;
    %pushi/vec4 1, 0, 1;
    %store/vec4 v0x3a134257d0_0, 0, 1;
    %pushi/vec4 1, 0, 1;
    %store/vec4 v0x3a13425890_0, 0, 1;
    %pushi/vec4 1, 0, 1;
    %store/vec4 v0x3a13425730_0, 0, 1;
    %pushi/vec4 1, 0, 1;
    %store/vec4 v0x3a134255f0_0, 0, 1;
    %pushi/vec4 1, 0, 1;
    %store/vec4 v0x3a13425a10_0, 0, 1;
    %pushi/vec4 1, 0, 1;
    %store/vec4 v0x3a13426a80_0, 0, 1;
    %pushi/vec4 0, 0, 1;
    %store/vec4 v0x3a13425440_0, 0, 1;
    %pushi/vec4 0, 0, 1;
    %store/vec4 v0x3a134268e0_0, 0, 1;
    %pushi/vec4 0, 0, 1;
    %store/vec4 v0x3a13426820_0, 0, 1;
    %pushi/vec4 5, 0, 3;
    %store/vec4 v0x3a13425280_0, 0, 3;
    %pushi/vec4 0, 0, 3;
    %store/vec4 v0x3a13425360_0, 0, 3;
    %pushi/vec4 1, 0, 1;
    %store/vec4 v0x3a13425dd0_0, 0, 1;
    %pushi/vec4 1, 0, 1;
    %store/vec4 v0x3a13425d10_0, 0, 1;
    %pushi/vec4 1, 0, 1;
    %store/vec4 v0x3a13425c50_0, 0, 1;
    %pushi/vec4 1, 0, 1;
    %store/vec4 v0x3a13425b90_0, 0, 1;
    %pushi/vec4 1, 0, 1;
    %store/vec4 v0x3a13426760_0, 0, 1;
    %pushi/vec4 1, 0, 1;
    %store/vec4 v0x3a134266a0_0, 0, 1;
    %pushi/vec4 1, 0, 1;
    %store/vec4 v0x3a134265e0_0, 0, 1;
    %pushi/vec4 1, 0, 1;
    %store/vec4 v0x3a13426520_0, 0, 1;
    %pushi/vec4 0, 0, 2;
    %store/vec4 v0x3a13424c30_0, 0, 2;
    %pushi/vec4 0, 0, 3;
    %store/vec4 v0x3a13424d10_0, 0, 3;
    %pushi/vec4 0, 0, 3;
    %store/vec4 v0x3a13424e80_0, 0, 3;
    %pushi/vec4 0, 0, 3;
    %store/vec4 v0x3a13424f60_0, 0, 3;
    %pushi/vec4 0, 0, 1;
    %store/vec4 v0x3a13426030_0, 0, 1;
    %pushi/vec4 0, 0, 1;
    %store/vec4 v0x3a13424750_0, 0, 1;
    %pushi/vec4 1, 0, 1;
    %store/vec4 v0x3a13403210_0, 0, 1;
    %pushi/vec4 1, 0, 1;
    %store/vec4 v0x3a13425040_0, 0, 1;
    %pushi/vec4 0, 0, 1;
    %store/vec4 v0x3a13425100_0, 0, 1;
    %pushi/vec4 0, 0, 1;
    %store/vec4 v0x3a134251c0_0, 0, 1;
    %jmp T_2.18;
T_2.17 ;
    %pushi/vec4 0, 0, 1;
    %store/vec4 v0x3a13424ab0_0, 0, 1;
    %pushi/vec4 0, 0, 1;
    %store/vec4 v0x3a134260f0_0, 0, 1;
    %pushi/vec4 1, 0, 1;
    %store/vec4 v0x3a13426c20_0, 0, 1;
    %pushi/vec4 0, 0, 1;
    %store/vec4 v0x3a13425690_0, 0, 1;
    %pushi/vec4 0, 0, 1;
    %store/vec4 v0x3a134257d0_0, 0, 1;
    %pushi/vec4 1, 0, 1;
    %store/vec4 v0x3a13425890_0, 0, 1;
    %pushi/vec4 1, 0, 1;
    %store/vec4 v0x3a13425730_0, 0, 1;
    %pushi/vec4 1, 0, 1;
    %store/vec4 v0x3a134255f0_0, 0, 1;
    %pushi/vec4 0, 0, 1;
    %store/vec4 v0x3a13425a10_0, 0, 1;
    %pushi/vec4 0, 0, 1;
    %store/vec4 v0x3a13426a80_0, 0, 1;
    %pushi/vec4 0, 0, 1;
    %store/vec4 v0x3a13425440_0, 0, 1;
    %pushi/vec4 0, 0, 1;
    %store/vec4 v0x3a134268e0_0, 0, 1;
    %pushi/vec4 0, 0, 1;
    %store/vec4 v0x3a13426820_0, 0, 1;
    %pushi/vec4 0, 0, 3;
    %store/vec4 v0x3a13425280_0, 0, 3;
    %pushi/vec4 3, 0, 3;
    %store/vec4 v0x3a13425360_0, 0, 3;
    %pushi/vec4 0, 0, 1;
    %store/vec4 v0x3a13425dd0_0, 0, 1;
    %pushi/vec4 0, 0, 1;
    %store/vec4 v0x3a13425d10_0, 0, 1;
    %pushi/vec4 0, 0, 1;
    %store/vec4 v0x3a13425c50_0, 0, 1;
    %pushi/vec4 0, 0, 1;
    %store/vec4 v0x3a13425b90_0, 0, 1;
    %pushi/vec4 0, 0, 1;
    %store/vec4 v0x3a13426760_0, 0, 1;
    %pushi/vec4 0, 0, 1;
    %store/vec4 v0x3a134266a0_0, 0, 1;
    %pushi/vec4 0, 0, 1;
    %store/vec4 v0x3a134265e0_0, 0, 1;
    %pushi/vec4 0, 0, 1;
    %store/vec4 v0x3a13426520_0, 0, 1;
    %pushi/vec4 0, 0, 2;
    %store/vec4 v0x3a13424c30_0, 0, 2;
    %pushi/vec4 0, 0, 3;
    %store/vec4 v0x3a13424d10_0, 0, 3;
    %pushi/vec4 0, 0, 3;
    %store/vec4 v0x3a13424e80_0, 0, 3;
    %pushi/vec4 0, 0, 3;
    %store/vec4 v0x3a13424f60_0, 0, 3;
    %pushi/vec4 0, 0, 1;
    %store/vec4 v0x3a13426030_0, 0, 1;
    %pushi/vec4 1, 0, 1;
    %store/vec4 v0x3a13424750_0, 0, 1;
    %pushi/vec4 0, 0, 1;
    %store/vec4 v0x3a13403210_0, 0, 1;
    %pushi/vec4 0, 0, 1;
    %store/vec4 v0x3a13425040_0, 0, 1;
    %pushi/vec4 1, 0, 1;
    %store/vec4 v0x3a13425100_0, 0, 1;
    %pushi/vec4 1, 0, 1;
    %store/vec4 v0x3a134251c0_0, 0, 1;
    %jmp T_2.18;
T_2.18 ;
    %pop/vec4 1;
    %jmp T_2;
    .thread T_2, $push;
    .scope S_0x3a133c0230;
T_3 ;
    %wait E_0x3a133c9d40;
    %load/vec4 v0x3a13429870_0;
    %flag_set/vec4 8;
    %jmp/0 T_3.0, 8;
    %load/vec4 v0x3a134297b0_0;
    %jmp/1 T_3.1, 8;
T_3.0 ; End of true expr.
    %load/vec4 v0x3a13428bc0_0;
    %parti/s 12, 1, 2;
    %jmp/0 T_3.1, 8;
 ; End of false expr.
    %blend;
T_3.1;
    %assign/vec4 v0x3a134297b0_0, 0;
    %load/vec4 v0x3a13428a50_0;
    %flag_set/vec4 8;
    %jmp/0 T_3.2, 8;
    %load/vec4 v0x3a13428970_0;
    %jmp/1 T_3.3, 8;
T_3.2 ; End of true expr.
    %load/vec4 v0x3a13428bc0_0;
    %parti/s 12, 1, 2;
    %jmp/0 T_3.3, 8;
 ; End of false expr.
    %blend;
T_3.3;
    %assign/vec4 v0x3a13428970_0, 0;
    %jmp T_3;
    .thread T_3;
    .scope S_0x3a133c0230;
T_4 ;
    %wait E_0x3a133c9d40;
    %load/vec4 v0x3a13429fa0_0;
    %assign/vec4 v0x3a1342c800_0, 0;
    %load/vec4 v0x3a1342c800_0;
    %assign/vec4 v0x3a1342c8e0_0, 0;
    %jmp T_4;
    .thread T_4;
    .scope S_0x3a133c0230;
T_5 ;
    %wait E_0x3a13346ac0;
    %load/vec4 v0x3a13429450_0;
    %dup/vec4;
    %pushi/vec4 1, 0, 2;
    %cmp/u;
    %jmp/1 T_5.0, 6;
    %dup/vec4;
    %pushi/vec4 0, 0, 2;
    %cmp/u;
    %jmp/1 T_5.1, 6;
    %dup/vec4;
    %pushi/vec4 2, 0, 2;
    %cmp/u;
    %jmp/1 T_5.2, 6;
    %dup/vec4;
    %pushi/vec4 3, 0, 2;
    %cmp/u;
    %jmp/1 T_5.3, 6;
    %jmp T_5.4;
T_5.0 ;
    %load/vec4 v0x3a13429fa0_0;
    %ix/load 4, 0, 0;
    %flag_set/imm 4, 0;
    %store/vec4 v0x3a13429370_0, 4, 8;
    %jmp T_5.4;
T_5.1 ;
    %load/vec4 v0x3a13429ec0_0;
    %ix/load 4, 0, 0;
    %flag_set/imm 4, 0;
    %store/vec4 v0x3a13429370_0, 4, 8;
    %jmp T_5.4;
T_5.2 ;
    %load/vec4 v0x3a1342c800_0;
    %ix/load 4, 0, 0;
    %flag_set/imm 4, 0;
    %store/vec4 v0x3a13429370_0, 4, 8;
    %jmp T_5.4;
T_5.3 ;
    %load/vec4 v0x3a1342c8e0_0;
    %ix/load 4, 0, 0;
    %flag_set/imm 4, 0;
    %store/vec4 v0x3a13429370_0, 4, 8;
    %jmp T_5.4;
T_5.4 ;
    %pop/vec4 1;
    %jmp T_5;
    .thread T_5, $push;
    .scope S_0x3a133c0230;
T_6 ;
    %wait E_0x3a133c9d40;
    %load/vec4 v0x3a13429ec0_0;
    %assign/vec4 v0x3a1342b080_0, 0;
    %jmp T_6;
    .thread T_6;
    .scope S_0x3a133c0230;
T_7 ;
    %wait E_0x3a13345e80;
    %load/vec4 v0x3a13429540_0;
    %dup/vec4;
    %pushi/vec4 4, 0, 3;
    %cmp/u;
    %jmp/1 T_7.0, 6;
    %dup/vec4;
    %pushi/vec4 2, 0, 3;
    %cmp/u;
    %jmp/1 T_7.1, 6;
    %dup/vec4;
    %pushi/vec4 1, 0, 3;
    %cmp/u;
    %jmp/1 T_7.2, 6;
    %dup/vec4;
    %pushi/vec4 0, 0, 3;
    %cmp/u;
    %jmp/1 T_7.3, 6;
    %dup/vec4;
    %pushi/vec4 3, 0, 3;
    %cmp/u;
    %jmp/1 T_7.4, 6;
    %jmp T_7.5;
T_7.0 ;
    %pushi/vec4 0, 0, 8;
    %ix/load 4, 8, 0;
    %flag_set/imm 4, 0;
    %store/vec4 v0x3a13429370_0, 4, 8;
    %jmp T_7.5;
T_7.1 ;
    %load/vec4 v0x3a1342b4f0_0;
    %ix/load 4, 8, 0;
    %flag_set/imm 4, 0;
    %store/vec4 v0x3a13429370_0, 4, 8;
    %jmp T_7.5;
T_7.2 ;
    %load/vec4 v0x3a13429fa0_0;
    %ix/load 4, 8, 0;
    %flag_set/imm 4, 0;
    %store/vec4 v0x3a13429370_0, 4, 8;
    %jmp T_7.5;
T_7.3 ;
    %load/vec4 v0x3a13429ec0_0;
    %ix/load 4, 8, 0;
    %flag_set/imm 4, 0;
    %store/vec4 v0x3a13429370_0, 4, 8;
    %jmp T_7.5;
T_7.4 ;
    %load/vec4 v0x3a1342b080_0;
    %ix/load 4, 8, 0;
    %flag_set/imm 4, 0;
    %store/vec4 v0x3a13429370_0, 4, 8;
    %jmp T_7.5;
T_7.5 ;
    %pop/vec4 1;
    %jmp T_7;
    .thread T_7, $push;
    .scope S_0x3a133c0230;
T_8 ;
    %wait E_0x3a13326390;
    %load/vec4 v0x3a13429610_0;
    %dup/vec4;
    %pushi/vec4 4, 0, 3;
    %cmp/u;
    %jmp/1 T_8.0, 6;
    %dup/vec4;
    %pushi/vec4 1, 0, 3;
    %cmp/u;
    %jmp/1 T_8.1, 6;
    %dup/vec4;
    %pushi/vec4 3, 0, 3;
    %cmp/u;
    %jmp/1 T_8.2, 6;
    %dup/vec4;
    %pushi/vec4 2, 0, 3;
    %cmp/u;
    %jmp/1 T_8.3, 6;
    %dup/vec4;
    %pushi/vec4 0, 0, 3;
    %cmp/u;
    %jmp/1 T_8.4, 6;
    %jmp T_8.5;
T_8.0 ;
    %pushi/vec4 0, 0, 8;
    %ix/load 4, 16, 0;
    %flag_set/imm 4, 0;
    %store/vec4 v0x3a13429370_0, 4, 8;
    %jmp T_8.5;
T_8.1 ;
    %load/vec4 v0x3a1342b750_0;
    %ix/load 4, 16, 0;
    %flag_set/imm 4, 0;
    %store/vec4 v0x3a13429370_0, 4, 8;
    %jmp T_8.5;
T_8.2 ;
    %load/vec4 v0x3a1342c800_0;
    %ix/load 4, 16, 0;
    %flag_set/imm 4, 0;
    %store/vec4 v0x3a13429370_0, 4, 8;
    %jmp T_8.5;
T_8.3 ;
    %load/vec4 v0x3a1342b080_0;
    %ix/load 4, 16, 0;
    %flag_set/imm 4, 0;
    %store/vec4 v0x3a13429370_0, 4, 8;
    %jmp T_8.5;
T_8.4 ;
    %load/vec4 v0x3a1342b590_0;
    %ix/load 4, 16, 0;
    %flag_set/imm 4, 0;
    %store/vec4 v0x3a13429370_0, 4, 8;
    %jmp T_8.5;
T_8.5 ;
    %pop/vec4 1;
    %jmp T_8;
    .thread T_8, $push;
    .scope S_0x3a133c0230;
T_9 ;
    %wait E_0x3a13326220;
    %load/vec4 v0x3a134296e0_0;
    %dup/vec4;
    %pushi/vec4 4, 0, 3;
    %cmp/u;
    %jmp/1 T_9.0, 6;
    %dup/vec4;
    %pushi/vec4 1, 0, 3;
    %cmp/u;
    %jmp/1 T_9.1, 6;
    %dup/vec4;
    %pushi/vec4 3, 0, 3;
    %cmp/u;
    %jmp/1 T_9.2, 6;
    %dup/vec4;
    %pushi/vec4 2, 0, 3;
    %cmp/u;
    %jmp/1 T_9.3, 6;
    %dup/vec4;
    %pushi/vec4 0, 0, 3;
    %cmp/u;
    %jmp/1 T_9.4, 6;
    %jmp T_9.5;
T_9.0 ;
    %pushi/vec4 0, 0, 8;
    %ix/load 4, 16, 0;
    %flag_set/imm 4, 0;
    %store/vec4 v0x3a13429370_0, 4, 8;
    %jmp T_9.5;
T_9.1 ;
    %load/vec4 v0x3a1342b830_0;
    %ix/load 4, 16, 0;
    %flag_set/imm 4, 0;
    %store/vec4 v0x3a13429370_0, 4, 8;
    %jmp T_9.5;
T_9.2 ;
    %load/vec4 v0x3a1342c800_0;
    %ix/load 4, 16, 0;
    %flag_set/imm 4, 0;
    %store/vec4 v0x3a13429370_0, 4, 8;
    %jmp T_9.5;
T_9.3 ;
    %load/vec4 v0x3a1342b080_0;
    %ix/load 4, 16, 0;
    %flag_set/imm 4, 0;
    %store/vec4 v0x3a13429370_0, 4, 8;
    %jmp T_9.5;
T_9.4 ;
    %load/vec4 v0x3a1342b670_0;
    %ix/load 4, 16, 0;
    %flag_set/imm 4, 0;
    %store/vec4 v0x3a13429370_0, 4, 8;
    %jmp T_9.5;
T_9.5 ;
    %pop/vec4 1;
    %jmp T_9;
    .thread T_9, $push;
    .scope S_0x3a133c0230;
T_10 ;
    %wait E_0x3a133c9d40;
    %load/vec4 v0x3a1342af10_0;
    %flag_set/vec4 8;
    %jmp/0 T_10.0, 8;
    %load/vec4 v0x3a1342ae70_0;
    %jmp/1 T_10.1, 8;
T_10.0 ; End of true expr.
    %load/vec4 v0x3a13429210_0;
    %parti/s 8, 24, 6;
    %jmp/0 T_10.1, 8;
 ; End of false expr.
    %blend;
T_10.1;
    %assign/vec4 v0x3a1342ae70_0, 0;
    %load/vec4 v0x3a1342add0_0;
    %flag_set/vec4 8;
    %jmp/0 T_10.2, 8;
    %load/vec4 v0x3a134290d0_0;
    %jmp/1 T_10.3, 8;
T_10.2 ; End of true expr.
    %load/vec4 v0x3a13429210_0;
    %parti/s 8, 16, 6;
    %jmp/0 T_10.3, 8;
 ; End of false expr.
    %blend;
T_10.3;
    %assign/vec4 v0x3a134290d0_0, 0;
    %load/vec4 v0x3a13429000_0;
    %flag_set/vec4 8;
    %jmp/0 T_10.4, 8;
    %load/vec4 v0x3a13428f60_0;
    %jmp/1 T_10.5, 8;
T_10.4 ; End of true expr.
    %load/vec4 v0x3a13429210_0;
    %parti/s 8, 8, 5;
    %jmp/0 T_10.5, 8;
 ; End of false expr.
    %blend;
T_10.5;
    %assign/vec4 v0x3a13428f60_0, 0;
    %load/vec4 v0x3a1342a920_0;
    %flag_set/vec4 8;
    %jmp/0 T_10.6, 8;
    %load/vec4 v0x3a1342a880_0;
    %jmp/1 T_10.7, 8;
T_10.6 ; End of true expr.
    %load/vec4 v0x3a13429210_0;
    %parti/s 8, 0, 2;
    %jmp/0 T_10.7, 8;
 ; End of false expr.
    %blend;
T_10.7;
    %assign/vec4 v0x3a1342a880_0, 0;
    %jmp T_10;
    .thread T_10;
    .scope S_0x3a133c0230;
T_11 ;
    %wait E_0x3a133c73c0;
    %load/vec4 v0x3a13429b80_0;
    %dup/vec4;
    %pushi/vec4 1, 0, 3;
    %cmp/u;
    %jmp/1 T_11.0, 6;
    %dup/vec4;
    %pushi/vec4 2, 0, 3;
    %cmp/u;
    %jmp/1 T_11.1, 6;
    %dup/vec4;
    %pushi/vec4 3, 0, 3;
    %cmp/u;
    %jmp/1 T_11.2, 6;
    %dup/vec4;
    %pushi/vec4 0, 0, 3;
    %cmp/u;
    %jmp/1 T_11.3, 6;
    %dup/vec4;
    %pushi/vec4 5, 0, 3;
    %cmp/u;
    %jmp/1 T_11.4, 6;
    %dup/vec4;
    %pushi/vec4 6, 0, 3;
    %cmp/u;
    %jmp/1 T_11.5, 6;
    %dup/vec4;
    %pushi/vec4 7, 0, 3;
    %cmp/u;
    %jmp/1 T_11.6, 6;
    %dup/vec4;
    %pushi/vec4 4, 0, 3;
    %cmp/u;
    %jmp/1 T_11.7, 6;
    %jmp T_11.8;
T_11.0 ;
    %load/vec4 v0x3a13429210_0;
    %parti/s 8, 24, 6;
    %store/vec4 v0x3a13429ae0_0, 0, 8;
    %jmp T_11.8;
T_11.1 ;
    %load/vec4 v0x3a13429210_0;
    %parti/s 8, 16, 6;
    %store/vec4 v0x3a13429ae0_0, 0, 8;
    %jmp T_11.8;
T_11.2 ;
    %load/vec4 v0x3a13429210_0;
    %parti/s 8, 8, 5;
    %store/vec4 v0x3a13429ae0_0, 0, 8;
    %jmp T_11.8;
T_11.3 ;
    %load/vec4 v0x3a13429210_0;
    %parti/s 8, 0, 2;
    %store/vec4 v0x3a13429ae0_0, 0, 8;
    %jmp T_11.8;
T_11.4 ;
    %load/vec4 v0x3a1342ae70_0;
    %store/vec4 v0x3a13429ae0_0, 0, 8;
    %jmp T_11.8;
T_11.5 ;
    %load/vec4 v0x3a134290d0_0;
    %store/vec4 v0x3a13429ae0_0, 0, 8;
    %jmp T_11.8;
T_11.6 ;
    %load/vec4 v0x3a13428f60_0;
    %store/vec4 v0x3a13429ae0_0, 0, 8;
    %jmp T_11.8;
T_11.7 ;
    %load/vec4 v0x3a1342a880_0;
    %store/vec4 v0x3a13429ae0_0, 0, 8;
    %jmp T_11.8;
T_11.8 ;
    %pop/vec4 1;
    %jmp T_11;
    .thread T_11, $push;
    .scope S_0x3a133c0230;
T_12 ;
    %wait E_0x3a133c9d40;
    %load/vec4 v0x3a1342c030_0;
    %flag_set/vec4 8;
    %jmp/0 T_12.0, 8;
    %load/vec4 v0x3a1342bf70_0;
    %jmp/1 T_12.1, 8;
T_12.0 ; End of true expr.
    %load/vec4 v0x3a13429210_0;
    %parti/s 8, 24, 6;
    %jmp/0 T_12.1, 8;
 ; End of false expr.
    %blend;
T_12.1;
    %assign/vec4 v0x3a1342bf70_0, 0;
    %load/vec4 v0x3a1342bea0_0;
    %flag_set/vec4 8;
    %jmp/0 T_12.2, 8;
    %load/vec4 v0x3a1342bde0_0;
    %jmp/1 T_12.3, 8;
T_12.2 ; End of true expr.
    %load/vec4 v0x3a13429210_0;
    %parti/s 8, 16, 6;
    %jmp/0 T_12.3, 8;
 ; End of false expr.
    %blend;
T_12.3;
    %assign/vec4 v0x3a1342bde0_0, 0;
    %load/vec4 v0x3a1342bd10_0;
    %flag_set/vec4 8;
    %jmp/0 T_12.4, 8;
    %load/vec4 v0x3a1342bc50_0;
    %jmp/1 T_12.5, 8;
T_12.4 ; End of true expr.
    %load/vec4 v0x3a13429210_0;
    %parti/s 8, 8, 5;
    %jmp/0 T_12.5, 8;
 ; End of false expr.
    %blend;
T_12.5;
    %assign/vec4 v0x3a1342bc50_0, 0;
    %load/vec4 v0x3a1342bb80_0;
    %flag_set/vec4 8;
    %jmp/0 T_12.6, 8;
    %load/vec4 v0x3a1342baa0_0;
    %jmp/1 T_12.7, 8;
T_12.6 ; End of true expr.
    %load/vec4 v0x3a13429210_0;
    %parti/s 8, 0, 2;
    %jmp/0 T_12.7, 8;
 ; End of false expr.
    %blend;
T_12.7;
    %assign/vec4 v0x3a1342baa0_0, 0;
    %jmp T_12;
    .thread T_12;
    .scope S_0x3a133c0230;
T_13 ;
    %wait E_0x3a133c92c0;
    %load/vec4 v0x3a13429d10_0;
    %dup/vec4;
    %pushi/vec4 1, 0, 3;
    %cmp/u;
    %jmp/1 T_13.0, 6;
    %dup/vec4;
    %pushi/vec4 2, 0, 3;
    %cmp/u;
    %jmp/1 T_13.1, 6;
    %dup/vec4;
    %pushi/vec4 3, 0, 3;
    %cmp/u;
    %jmp/1 T_13.2, 6;
    %dup/vec4;
    %pushi/vec4 0, 0, 3;
    %cmp/u;
    %jmp/1 T_13.3, 6;
    %dup/vec4;
    %pushi/vec4 5, 0, 3;
    %cmp/u;
    %jmp/1 T_13.4, 6;
    %dup/vec4;
    %pushi/vec4 6, 0, 3;
    %cmp/u;
    %jmp/1 T_13.5, 6;
    %dup/vec4;
    %pushi/vec4 7, 0, 3;
    %cmp/u;
    %jmp/1 T_13.6, 6;
    %dup/vec4;
    %pushi/vec4 4, 0, 3;
    %cmp/u;
    %jmp/1 T_13.7, 6;
    %jmp T_13.8;
T_13.0 ;
    %load/vec4 v0x3a13429210_0;
    %parti/s 8, 24, 6;
    %store/vec4 v0x3a13429c50_0, 0, 8;
    %jmp T_13.8;
T_13.1 ;
    %load/vec4 v0x3a13429210_0;
    %parti/s 8, 16, 6;
    %store/vec4 v0x3a13429c50_0, 0, 8;
    %jmp T_13.8;
T_13.2 ;
    %load/vec4 v0x3a13429210_0;
    %parti/s 8, 8, 5;
    %store/vec4 v0x3a13429c50_0, 0, 8;
    %jmp T_13.8;
T_13.3 ;
    %load/vec4 v0x3a13429210_0;
    %parti/s 8, 0, 2;
    %store/vec4 v0x3a13429c50_0, 0, 8;
    %jmp T_13.8;
T_13.4 ;
    %load/vec4 v0x3a1342bf70_0;
    %store/vec4 v0x3a13429c50_0, 0, 8;
    %jmp T_13.8;
T_13.5 ;
    %load/vec4 v0x3a1342bde0_0;
    %store/vec4 v0x3a13429c50_0, 0, 8;
    %jmp T_13.8;
T_13.6 ;
    %load/vec4 v0x3a1342bc50_0;
    %store/vec4 v0x3a13429c50_0, 0, 8;
    %jmp T_13.8;
T_13.7 ;
    %load/vec4 v0x3a1342baa0_0;
    %store/vec4 v0x3a13429c50_0, 0, 8;
    %jmp T_13.8;
T_13.8 ;
    %pop/vec4 1;
    %jmp T_13;
    .thread T_13, $push;
    .scope S_0x3a133c0230;
T_14 ;
    %wait E_0x3a133c97f0;
    %load/vec4 v0x3a1342ca80_0;
    %dup/vec4;
    %pushi/vec4 0, 0, 2;
    %cmp/u;
    %jmp/1 T_14.0, 6;
    %dup/vec4;
    %pushi/vec4 1, 0, 2;
    %cmp/u;
    %jmp/1 T_14.1, 6;
    %dup/vec4;
    %pushi/vec4 2, 0, 2;
    %cmp/u;
    %jmp/1 T_14.2, 6;
    %jmp T_14.3;
T_14.0 ;
    %pushi/vec4 1, 0, 1;
    %store/vec4 v0x3a1342b380_0, 0, 1;
    %pushi/vec4 0, 0, 1;
    %store/vec4 v0x3a1342c9c0_0, 0, 1;
    %jmp T_14.3;
T_14.1 ;
    %load/vec4 v0x3a1342afb0_0;
    %load/vec4 v0x3a13428bc0_0;
    %parti/s 1, 0, 2;
    %or;
    %store/vec4 v0x3a1342b380_0, 0, 1;
    %load/vec4 v0x3a1342afb0_0;
    %load/vec4 v0x3a13428bc0_0;
    %parti/s 1, 0, 2;
    %or;
    %nor/r;
    %store/vec4 v0x3a1342c9c0_0, 0, 1;
    %jmp T_14.3;
T_14.2 ;
    %load/vec4 v0x3a1342afb0_0;
    %load/vec4 v0x3a13428bc0_0;
    %parti/s 1, 0, 2;
    %or;
    %store/vec4 v0x3a1342b380_0, 0, 1;
    %load/vec4 v0x3a1342afb0_0;
    %load/vec4 v0x3a13428bc0_0;
    %parti/s 1, 0, 2;
    %or;
    %nor/r;
    %store/vec4 v0x3a1342c9c0_0, 0, 1;
    %jmp T_14.3;
T_14.3 ;
    %pop/vec4 1;
    %jmp T_14;
    .thread T_14, $push;
    .scope S_0x3a133c0230;
T_15 ;
    %wait E_0x3a133c9d40;
    %load/vec4 v0x3a1342a7b0_0;
    %flag_set/vec4 8;
    %jmp/0 T_15.0, 8;
    %load/vec4 v0x3a1342a6e0_0;
    %jmp/1 T_15.1, 8;
T_15.0 ; End of true expr.
    %load/vec4 v0x3a1342a610_0;
    %jmp/0 T_15.1, 8;
 ; End of false expr.
    %blend;
T_15.1;
    %assign/vec4 v0x3a1342a6e0_0, 0;
    %load/vec4 v0x3a1342cc40_0;
    %flag_set/vec4 8;
    %jmp/0 T_15.2, 8;
    %load/vec4 v0x3a1342cb70_0;
    %jmp/1 T_15.3, 8;
T_15.2 ; End of true expr.
    %load/vec4 v0x3a1342ca80_0;
    %jmp/0 T_15.3, 8;
 ; End of false expr.
    %blend;
T_15.3;
    %assign/vec4 v0x3a1342cb70_0, 0;
    %jmp T_15;
    .thread T_15;
    .scope S_0x3a133c0230;
T_16 ;
    %wait E_0x3a133c9d40;
    %load/vec4 v0x3a13428c60_0;
    %assign/vec4 v0x3a13428d20_0, 0;
    %load/vec4 v0x3a13428d20_0;
    %assign/vec4 v0x3a13428df0_0, 0;
    %load/vec4 v0x3a13428df0_0;
    %assign/vec4 v0x3a13428ec0_0, 0;
    %jmp T_16;
    .thread T_16;
# The file index is used to find the file name in the following table.
:file_names 4;
    "N/A";
    "<interactive>";
    "memory_interface_v3.v";
    "memory_control_fsm_v3.v";
